<?xml version="1.0" encoding="UTF-8"?>
<!-- Generated by org.testng.reporters.JUnitXMLReporter -->
<testsuite hostname="EPBYMINW2706" ignored="0" name="calculator" tests="16" failures="16" timestamp="28 May 2019 07:59:39 GMT" time="0.044" errors="0">
  <testcase name="cosTest" time="0.004" classname="com.epam.cdp.cal.tests.CosineCalculatorTest">
    <failure type="java.lang.NullPointerException">
      <![CDATA[java.lang.NullPointerException
at com.epam.cdp.cal.tests.CosineCalculatorTest.cosTest(CosineCalculatorTest.java:11)
at com.epam.cdp.cal.Runner.main(Runner.java:26)
... Removed 23 stack frames]]>
    </failure>
  </testcase> <!-- cosTest -->
  <testcase name="cosTest" time="0.0" classname="com.epam.cdp.cal.tests.CosineCalculatorTest">
    <failure type="java.lang.NullPointerException">
      <![CDATA[java.lang.NullPointerException
at com.epam.cdp.cal.tests.CosineCalculatorTest.cosTest(CosineCalculatorTest.java:11)
at com.epam.cdp.cal.Runner.main(Runner.java:26)
... Removed 23 stack frames]]>
    </failure>
  </testcase> <!-- cosTest -->
  <testcase name="cosTest" time="0.0" classname="com.epam.cdp.cal.tests.CosineCalculatorTest">
    <failure type="java.lang.NullPointerException">
      <![CDATA[java.lang.NullPointerException
at com.epam.cdp.cal.tests.CosineCalculatorTest.cosTest(CosineCalculatorTest.java:11)
at com.epam.cdp.cal.Runner.main(Runner.java:26)
... Removed 23 stack frames]]>
    </failure>
  </testcase> <!-- cosTest -->
  <testcase name="cosTest" time="0.0" classname="com.epam.cdp.cal.tests.CosineCalculatorTest">
    <failure type="java.lang.NullPointerException">
      <![CDATA[java.lang.NullPointerException
at com.epam.cdp.cal.tests.CosineCalculatorTest.cosTest(CosineCalculatorTest.java:11)
at com.epam.cdp.cal.Runner.main(Runner.java:26)
... Removed 23 stack frames]]>
    </failure>
  </testcase> <!-- cosTest -->
  <testcase name="tangentTest" time="0.0" classname="com.epam.cdp.cal.tests.TangentCalculatorTest">
    <failure type="java.lang.NullPointerException">
      <![CDATA[java.lang.NullPointerException
at com.epam.cdp.cal.tests.TangentCalculatorTest.tangentTest(TangentCalculatorTest.java:12)
at com.epam.cdp.cal.Runner.main(Runner.java:26)
... Removed 23 stack frames]]>
    </failure>
  </testcase> <!-- tangentTest -->
  <testcase name="tangentTest" time="0.0" classname="com.epam.cdp.cal.tests.TangentCalculatorTest">
    <failure type="java.lang.NullPointerException">
      <![CDATA[java.lang.NullPointerException
at com.epam.cdp.cal.tests.TangentCalculatorTest.tangentTest(TangentCalculatorTest.java:12)
at com.epam.cdp.cal.Runner.main(Runner.java:26)
... Removed 23 stack frames]]>
    </failure>
  </testcase> <!-- tangentTest -->
  <testcase name="tangentTest" time="0.0" classname="com.epam.cdp.cal.tests.TangentCalculatorTest">
    <failure type="java.lang.NullPointerException">
      <![CDATA[java.lang.NullPointerException
at com.epam.cdp.cal.tests.TangentCalculatorTest.tangentTest(TangentCalculatorTest.java:12)
at com.epam.cdp.cal.Runner.main(Runner.java:26)
... Removed 23 stack frames]]>
    </failure>
  </testcase> <!-- tangentTest -->
  <testcase name="tangentTest" time="0.0" classname="com.epam.cdp.cal.tests.TangentCalculatorTest">
    <failure type="java.lang.NullPointerException">
      <![CDATA[java.lang.NullPointerException
at com.epam.cdp.cal.tests.TangentCalculatorTest.tangentTest(TangentCalculatorTest.java:12)
at com.epam.cdp.cal.Runner.main(Runner.java:26)
... Removed 23 stack frames]]>
    </failure>
  </testcase> <!-- tangentTest -->
  <testcase name="cotangentTest" time="0.0" classname="com.epam.cdp.cal.tests.CotangentCalculatorTest">
    <failure type="java.lang.NullPointerException">
      <![CDATA[java.lang.NullPointerException
at com.epam.cdp.cal.tests.CotangentCalculatorTest.cotangentTest(CotangentCalculatorTest.java:13)
at com.epam.cdp.cal.Runner.main(Runner.java:26)
... Removed 23 stack frames]]>
    </failure>
  </testcase> <!-- cotangentTest -->
  <testcase name="cotangentTest" time="0.0" classname="com.epam.cdp.cal.tests.CotangentCalculatorTest">
    <failure type="java.lang.NullPointerException">
      <![CDATA[java.lang.NullPointerException
at com.epam.cdp.cal.tests.CotangentCalculatorTest.cotangentTest(CotangentCalculatorTest.java:13)
at com.epam.cdp.cal.Runner.main(Runner.java:26)
... Removed 23 stack frames]]>
    </failure>
  </testcase> <!-- cotangentTest -->
  <testcase name="cotangentTest" time="0.0" classname="com.epam.cdp.cal.tests.CotangentCalculatorTest">
    <failure type="java.lang.NullPointerException">
      <![CDATA[java.lang.NullPointerException
at com.epam.cdp.cal.tests.CotangentCalculatorTest.cotangentTest(CotangentCalculatorTest.java:13)
at com.epam.cdp.cal.Runner.main(Runner.java:26)
... Removed 23 stack frames]]>
    </failure>
  </testcase> <!-- cotangentTest -->
  <testcase name="cotangentTest" time="0.0" classname="com.epam.cdp.cal.tests.CotangentCalculatorTest">
    <failure type="java.lang.NullPointerException">
      <![CDATA[java.lang.NullPointerException
at com.epam.cdp.cal.tests.CotangentCalculatorTest.cotangentTest(CotangentCalculatorTest.java:13)
at com.epam.cdp.cal.Runner.main(Runner.java:26)
... Removed 23 stack frames]]>
    </failure>
  </testcase> <!-- cotangentTest -->
  <testcase name="sinusTest" time="0.0" classname="com.epam.cdp.cal.tests.SinusCalculatorTest">
    <failure type="java.lang.NullPointerException">
      <![CDATA[java.lang.NullPointerException
at com.epam.cdp.cal.tests.SinusCalculatorTest.sinusTest(SinusCalculatorTest.java:11)
at com.epam.cdp.cal.Runner.main(Runner.java:26)
... Removed 23 stack frames]]>
    </failure>
  </testcase> <!-- sinusTest -->
  <testcase name="sinusTest" time="0.0" classname="com.epam.cdp.cal.tests.SinusCalculatorTest">
    <failure type="java.lang.NullPointerException">
      <![CDATA[java.lang.NullPointerException
at com.epam.cdp.cal.tests.SinusCalculatorTest.sinusTest(SinusCalculatorTest.java:11)
at com.epam.cdp.cal.Runner.main(Runner.java:26)
... Removed 23 stack frames]]>
    </failure>
  </testcase> <!-- sinusTest -->
  <testcase name="sinusTest" time="0.0" classname="com.epam.cdp.cal.tests.SinusCalculatorTest">
    <failure type="java.lang.NullPointerException">
      <![CDATA[java.lang.NullPointerException
at com.epam.cdp.cal.tests.SinusCalculatorTest.sinusTest(SinusCalculatorTest.java:11)
at com.epam.cdp.cal.Runner.main(Runner.java:26)
... Removed 23 stack frames]]>
    </failure>
  </testcase> <!-- sinusTest -->
  <testcase name="sinusTest" time="0.0" classname="com.epam.cdp.cal.tests.SinusCalculatorTest">
    <failure type="java.lang.NullPointerException">
      <![CDATA[java.lang.NullPointerException
at com.epam.cdp.cal.tests.SinusCalculatorTest.sinusTest(SinusCalculatorTest.java:11)
at com.epam.cdp.cal.Runner.main(Runner.java:26)
... Removed 23 stack frames]]>
    </failure>
  </testcase> <!-- sinusTest -->
</testsuite> <!-- calculator -->
