<?xml version="1.0" encoding="UTF-8"?>
<testng-results skipped="0" failed="18" ignored="0" total="66" passed="48">
  <reporter-output>
  </reporter-output>
  <suite name="Demo Suite" duration-ms="5544" started-at="2019-05-28T12:49:22Z" finished-at="2019-05-28T12:49:28Z">
    <groups>
      <group name="trigonometry">
        <method signature="SumCalculatorTest.onePlusTwoTest(long, long, long)[pri:0, instance:com.epam.cdp.cal.tests.SumCalculatorTest@675690]" name="onePlusTwoTest" class="com.epam.cdp.cal.tests.SumCalculatorTest"/>
        <method signature="CosineCalculatorTest.cosTest(double, double)[pri:0, instance:com.epam.cdp.cal.tests.CosineCalculatorTest@180d80f]" name="cosTest" class="com.epam.cdp.cal.tests.CosineCalculatorTest"/>
        <method signature="CotangentCalculatorTest.cotangentTest(double, double)[pri:0, instance:com.epam.cdp.cal.tests.CotangentCalculatorTest@ee9593]" name="cotangentTest" class="com.epam.cdp.cal.tests.CotangentCalculatorTest"/>
        <method signature="SinusCalculatorTest.sinusTest(double, double)[pri:0, instance:com.epam.cdp.cal.tests.SinusCalculatorTest@107ec20]" name="sinusTest" class="com.epam.cdp.cal.tests.SinusCalculatorTest"/>
        <method signature="TangentCalculatorTest.tangentTest(double, double)[pri:0, instance:com.epam.cdp.cal.tests.TangentCalculatorTest@b39c39]" name="tangentTest" class="com.epam.cdp.cal.tests.TangentCalculatorTest"/>
      </group> <!-- trigonometry -->
    </groups>
    <test name="Sub Cal Test" duration-ms="32" started-at="2019-05-28T12:49:22Z" finished-at="2019-05-28T12:49:22Z">
      <class name="com.epam.cdp.cal.tests.SubtractionCalculatorTest">
        <test-method status="PASS" signature="setUp()[pri:0, instance:com.epam.cdp.cal.tests.SubtractionCalculatorTest@9b2d27]" name="setUp" is-config="true" duration-ms="0" started-at="2019-05-28T12:49:22Z" finished-at="2019-05-28T12:49:22Z">
          <reporter-output>
          </reporter-output>
        </test-method> <!-- setUp -->
        <test-method status="PASS" signature="minusTest(double, double, double)[pri:0, instance:com.epam.cdp.cal.tests.SubtractionCalculatorTest@9b2d27]" name="minusTest" duration-ms="0" started-at="2019-05-28T12:49:22Z" data-provider="valuesForDoubleSubTest" finished-at="2019-05-28T12:49:22Z">
          <params>
            <param index="0">
              <value>
                <![CDATA[14]]>
              </value>
            </param>
            <param index="1">
              <value>
                <![CDATA[5]]>
              </value>
            </param>
            <param index="2">
              <value>
                <![CDATA[9.0]]>
              </value>
            </param>
          </params>
          <reporter-output>
          </reporter-output>
        </test-method> <!-- minusTest -->
        <test-method status="PASS" signature="minusTest(double, double, double)[pri:0, instance:com.epam.cdp.cal.tests.SubtractionCalculatorTest@9b2d27]" name="minusTest" duration-ms="0" started-at="2019-05-28T12:49:22Z" data-provider="valuesForDoubleSubTest" finished-at="2019-05-28T12:49:22Z">
          <params>
            <param index="0">
              <value>
                <![CDATA[29]]>
              </value>
            </param>
            <param index="1">
              <value>
                <![CDATA[9]]>
              </value>
            </param>
            <param index="2">
              <value>
                <![CDATA[20.0]]>
              </value>
            </param>
          </params>
          <reporter-output>
          </reporter-output>
        </test-method> <!-- minusTest -->
        <test-method status="PASS" signature="minusTest(long, long, long)[pri:0, instance:com.epam.cdp.cal.tests.SubtractionCalculatorTest@9b2d27]" name="minusTest" duration-ms="0" started-at="2019-05-28T12:49:22Z" data-provider="valuesForSubTest" finished-at="2019-05-28T12:49:22Z">
          <params>
            <param index="0">
              <value>
                <![CDATA[24]]>
              </value>
            </param>
            <param index="1">
              <value>
                <![CDATA[18]]>
              </value>
            </param>
            <param index="2">
              <value>
                <![CDATA[6]]>
              </value>
            </param>
          </params>
          <reporter-output>
          </reporter-output>
        </test-method> <!-- minusTest -->
        <test-method status="PASS" signature="tearDown()[pri:0, instance:com.epam.cdp.cal.tests.SubtractionCalculatorTest@9b2d27]" name="tearDown" is-config="true" duration-ms="0" started-at="2019-05-28T12:49:22Z" finished-at="2019-05-28T12:49:22Z">
          <reporter-output>
          </reporter-output>
        </test-method> <!-- tearDown -->
        <test-method status="PASS" signature="minusTest(double, double, double)[pri:0, instance:com.epam.cdp.cal.tests.SubtractionCalculatorTest@9b2d27]" name="minusTest" duration-ms="0" started-at="2019-05-28T12:49:22Z" data-provider="valuesForDoubleSubTest" finished-at="2019-05-28T12:49:22Z">
          <params>
            <param index="0">
              <value>
                <![CDATA[15]]>
              </value>
            </param>
            <param index="1">
              <value>
                <![CDATA[5]]>
              </value>
            </param>
            <param index="2">
              <value>
                <![CDATA[10.0]]>
              </value>
            </param>
          </params>
          <reporter-output>
          </reporter-output>
        </test-method> <!-- minusTest -->
        <test-method status="PASS" signature="minusTest(long, long, long)[pri:0, instance:com.epam.cdp.cal.tests.SubtractionCalculatorTest@9b2d27]" name="minusTest" duration-ms="0" started-at="2019-05-28T12:49:22Z" data-provider="valuesForSubTest" finished-at="2019-05-28T12:49:22Z">
          <params>
            <param index="0">
              <value>
                <![CDATA[8]]>
              </value>
            </param>
            <param index="1">
              <value>
                <![CDATA[3]]>
              </value>
            </param>
            <param index="2">
              <value>
                <![CDATA[5]]>
              </value>
            </param>
          </params>
          <reporter-output>
          </reporter-output>
        </test-method> <!-- minusTest -->
        <test-method status="PASS" signature="twoMinusOne()[pri:0, instance:com.epam.cdp.cal.tests.SubtractionCalculatorTest@9b2d27]" name="twoMinusOne" duration-ms="0" started-at="2019-05-28T12:49:22Z" finished-at="2019-05-28T12:49:22Z">
          <reporter-output>
          </reporter-output>
        </test-method> <!-- twoMinusOne -->
        <test-method status="PASS" signature="minusTest(double, double, double)[pri:0, instance:com.epam.cdp.cal.tests.SubtractionCalculatorTest@9b2d27]" name="minusTest" duration-ms="0" started-at="2019-05-28T12:49:22Z" data-provider="valuesForDoubleSubTest" finished-at="2019-05-28T12:49:22Z">
          <params>
            <param index="0">
              <value>
                <![CDATA[7]]>
              </value>
            </param>
            <param index="1">
              <value>
                <![CDATA[1]]>
              </value>
            </param>
            <param index="2">
              <value>
                <![CDATA[6.0]]>
              </value>
            </param>
          </params>
          <reporter-output>
          </reporter-output>
        </test-method> <!-- minusTest -->
        <test-method status="PASS" signature="minusTest(double, double, double)[pri:0, instance:com.epam.cdp.cal.tests.SubtractionCalculatorTest@9b2d27]" name="minusTest" duration-ms="0" started-at="2019-05-28T12:49:22Z" data-provider="valuesForDoubleSubTest" finished-at="2019-05-28T12:49:22Z">
          <params>
            <param index="0">
              <value>
                <![CDATA[6]]>
              </value>
            </param>
            <param index="1">
              <value>
                <![CDATA[2]]>
              </value>
            </param>
            <param index="2">
              <value>
                <![CDATA[4.0]]>
              </value>
            </param>
          </params>
          <reporter-output>
          </reporter-output>
        </test-method> <!-- minusTest -->
        <test-method status="PASS" signature="minusTest(long, long, long)[pri:0, instance:com.epam.cdp.cal.tests.SubtractionCalculatorTest@9b2d27]" name="minusTest" duration-ms="0" started-at="2019-05-28T12:49:22Z" data-provider="valuesForSubTest" finished-at="2019-05-28T12:49:22Z">
          <params>
            <param index="0">
              <value>
                <![CDATA[10]]>
              </value>
            </param>
            <param index="1">
              <value>
                <![CDATA[9]]>
              </value>
            </param>
            <param index="2">
              <value>
                <![CDATA[1]]>
              </value>
            </param>
          </params>
          <reporter-output>
          </reporter-output>
        </test-method> <!-- minusTest -->
        <test-method status="PASS" signature="minusTest(long, long, long)[pri:0, instance:com.epam.cdp.cal.tests.SubtractionCalculatorTest@9b2d27]" name="minusTest" duration-ms="0" started-at="2019-05-28T12:49:22Z" data-provider="valuesForSubTest" finished-at="2019-05-28T12:49:22Z">
          <params>
            <param index="0">
              <value>
                <![CDATA[0]]>
              </value>
            </param>
            <param index="1">
              <value>
                <![CDATA[0]]>
              </value>
            </param>
            <param index="2">
              <value>
                <![CDATA[0]]>
              </value>
            </param>
          </params>
          <reporter-output>
          </reporter-output>
        </test-method> <!-- minusTest -->
      </class> <!-- com.epam.cdp.cal.tests.SubtractionCalculatorTest -->
    </test> <!-- Sub Cal Test -->
    <test name="Sum Cal Test" duration-ms="0" started-at="2019-05-28T12:49:22Z" finished-at="2019-05-28T12:49:22Z">
      <class name="com.epam.cdp.cal.tests.SumCalculatorTest">
        <test-method status="PASS" signature="onePlusTwoTest(long, long, long)[pri:0, instance:com.epam.cdp.cal.tests.SumCalculatorTest@675690]" name="onePlusTwoTest" duration-ms="0" started-at="2019-05-28T12:49:22Z" data-provider="valuesForSunTest" finished-at="2019-05-28T12:49:22Z">
          <params>
            <param index="0">
              <value>
                <![CDATA[10]]>
              </value>
            </param>
            <param index="1">
              <value>
                <![CDATA[-1]]>
              </value>
            </param>
            <param index="2">
              <value>
                <![CDATA[9]]>
              </value>
            </param>
          </params>
          <reporter-output>
          </reporter-output>
        </test-method> <!-- onePlusTwoTest -->
        <test-method status="PASS" signature="tearDownGroup()[pri:0, instance:com.epam.cdp.cal.tests.SumCalculatorTest@675690]" name="tearDownGroup" is-config="true" duration-ms="0" started-at="2019-05-28T12:49:22Z" finished-at="2019-05-28T12:49:22Z">
          <reporter-output>
          </reporter-output>
        </test-method> <!-- tearDownGroup -->
        <test-method status="PASS" signature="onePlusTwoTest(double, double, double)[pri:0, instance:com.epam.cdp.cal.tests.SumCalculatorTest@675690]" name="onePlusTwoTest" duration-ms="0" started-at="2019-05-28T12:49:22Z" data-provider="valuesForSunTest" finished-at="2019-05-28T12:49:22Z">
          <params>
            <param index="0">
              <value>
                <![CDATA[-1]]>
              </value>
            </param>
            <param index="1">
              <value>
                <![CDATA[10]]>
              </value>
            </param>
            <param index="2">
              <value>
                <![CDATA[9]]>
              </value>
            </param>
          </params>
          <reporter-output>
          </reporter-output>
        </test-method> <!-- onePlusTwoTest -->
        <test-method status="PASS" signature="onePlusTwoTest(long, long, long)[pri:0, instance:com.epam.cdp.cal.tests.SumCalculatorTest@675690]" name="onePlusTwoTest" duration-ms="0" started-at="2019-05-28T12:49:22Z" data-provider="valuesForSunTest" finished-at="2019-05-28T12:49:22Z">
          <params>
            <param index="0">
              <value>
                <![CDATA[-1]]>
              </value>
            </param>
            <param index="1">
              <value>
                <![CDATA[10]]>
              </value>
            </param>
            <param index="2">
              <value>
                <![CDATA[9]]>
              </value>
            </param>
          </params>
          <reporter-output>
          </reporter-output>
        </test-method> <!-- onePlusTwoTest -->
        <test-method status="PASS" signature="tearDown()[pri:0, instance:com.epam.cdp.cal.tests.SumCalculatorTest@675690]" name="tearDown" is-config="true" duration-ms="0" started-at="2019-05-28T12:49:22Z" finished-at="2019-05-28T12:49:22Z">
          <reporter-output>
          </reporter-output>
        </test-method> <!-- tearDown -->
        <test-method status="PASS" signature="onePlusTwoTest(double, double, double)[pri:0, instance:com.epam.cdp.cal.tests.SumCalculatorTest@675690]" name="onePlusTwoTest" duration-ms="0" started-at="2019-05-28T12:49:22Z" data-provider="valuesForSunTest" finished-at="2019-05-28T12:49:22Z">
          <params>
            <param index="0">
              <value>
                <![CDATA[10]]>
              </value>
            </param>
            <param index="1">
              <value>
                <![CDATA[23]]>
              </value>
            </param>
            <param index="2">
              <value>
                <![CDATA[33]]>
              </value>
            </param>
          </params>
          <reporter-output>
          </reporter-output>
        </test-method> <!-- onePlusTwoTest -->
        <test-method status="PASS" signature="onePlusTwoTest(double, double, double)[pri:0, instance:com.epam.cdp.cal.tests.SumCalculatorTest@675690]" name="onePlusTwoTest" duration-ms="0" started-at="2019-05-28T12:49:22Z" data-provider="valuesForSunTest" finished-at="2019-05-28T12:49:22Z">
          <params>
            <param index="0">
              <value>
                <![CDATA[10]]>
              </value>
            </param>
            <param index="1">
              <value>
                <![CDATA[-1]]>
              </value>
            </param>
            <param index="2">
              <value>
                <![CDATA[9]]>
              </value>
            </param>
          </params>
          <reporter-output>
          </reporter-output>
        </test-method> <!-- onePlusTwoTest -->
        <test-method status="PASS" signature="setUpGroups()[pri:0, instance:com.epam.cdp.cal.tests.SumCalculatorTest@675690]" name="setUpGroups" is-config="true" duration-ms="0" started-at="2019-05-28T12:49:22Z" finished-at="2019-05-28T12:49:22Z">
          <reporter-output>
          </reporter-output>
        </test-method> <!-- setUpGroups -->
        <test-method status="PASS" signature="setUp()[pri:0, instance:com.epam.cdp.cal.tests.SumCalculatorTest@675690]" name="setUp" is-config="true" duration-ms="0" started-at="2019-05-28T12:49:22Z" finished-at="2019-05-28T12:49:22Z">
          <reporter-output>
          </reporter-output>
        </test-method> <!-- setUp -->
        <test-method status="PASS" signature="onePlusTwoTest(long, long, long)[pri:0, instance:com.epam.cdp.cal.tests.SumCalculatorTest@675690]" name="onePlusTwoTest" duration-ms="0" started-at="2019-05-28T12:49:22Z" data-provider="valuesForSunTest" finished-at="2019-05-28T12:49:22Z">
          <params>
            <param index="0">
              <value>
                <![CDATA[10]]>
              </value>
            </param>
            <param index="1">
              <value>
                <![CDATA[23]]>
              </value>
            </param>
            <param index="2">
              <value>
                <![CDATA[33]]>
              </value>
            </param>
          </params>
          <reporter-output>
          </reporter-output>
        </test-method> <!-- onePlusTwoTest -->
        <test-method status="PASS" signature="onePlusTwoTest(long, long, long)[pri:0, instance:com.epam.cdp.cal.tests.SumCalculatorTest@675690]" name="onePlusTwoTest" duration-ms="0" started-at="2019-05-28T12:49:22Z" data-provider="valuesForSunTest" finished-at="2019-05-28T12:49:22Z">
          <params>
            <param index="0">
              <value>
                <![CDATA[0]]>
              </value>
            </param>
            <param index="1">
              <value>
                <![CDATA[0]]>
              </value>
            </param>
            <param index="2">
              <value>
                <![CDATA[0]]>
              </value>
            </param>
          </params>
          <reporter-output>
          </reporter-output>
        </test-method> <!-- onePlusTwoTest -->
        <test-method status="PASS" signature="onePlusTwoTest(double, double, double)[pri:0, instance:com.epam.cdp.cal.tests.SumCalculatorTest@675690]" name="onePlusTwoTest" duration-ms="0" started-at="2019-05-28T12:49:22Z" data-provider="valuesForSunTest" finished-at="2019-05-28T12:49:22Z">
          <params>
            <param index="0">
              <value>
                <![CDATA[0]]>
              </value>
            </param>
            <param index="1">
              <value>
                <![CDATA[0]]>
              </value>
            </param>
            <param index="2">
              <value>
                <![CDATA[0]]>
              </value>
            </param>
          </params>
          <reporter-output>
          </reporter-output>
        </test-method> <!-- onePlusTwoTest -->
      </class> <!-- com.epam.cdp.cal.tests.SumCalculatorTest -->
    </test> <!-- Sum Cal Test -->
    <test name="Division Cal Test" duration-ms="16" started-at="2019-05-28T12:49:22Z" finished-at="2019-05-28T12:49:22Z">
      <class name="com.epam.cdp.cal.tests.DivisionCalculatorTest">
        <test-method status="PASS" signature="setUp()[pri:0, instance:com.epam.cdp.cal.tests.DivisionCalculatorTest@7c703b]" name="setUp" is-config="true" duration-ms="0" started-at="2019-05-28T12:49:22Z" finished-at="2019-05-28T12:49:22Z">
          <reporter-output>
          </reporter-output>
        </test-method> <!-- setUp -->
        <test-method status="PASS" signature="divExceptionTest(long, long, long)[pri:0, instance:com.epam.cdp.cal.tests.DivisionCalculatorTest@7c703b]" name="divExceptionTest" duration-ms="16" started-at="2019-05-28T12:49:22Z" data-provider="dataForExceptionDivisionTest" finished-at="2019-05-28T12:49:22Z">
          <params>
            <param index="0">
              <value>
                <![CDATA[50]]>
              </value>
            </param>
            <param index="1">
              <value>
                <![CDATA[0]]>
              </value>
            </param>
            <param index="2">
              <value>
                <![CDATA[10]]>
              </value>
            </param>
          </params>
          <exception class="java.lang.NumberFormatException">
            <message>
              <![CDATA[Attempt to divide by zero]]>
            </message>
            <full-stacktrace>
              <![CDATA[java.lang.NumberFormatException: Attempt to divide by zero
at com.epam.tat.module4.Calculator.div(Calculator.java:34)
at com.epam.cdp.cal.tests.DivisionCalculatorTest.divExceptionTest(DivisionCalculatorTest.java:17)
at sun.reflect.NativeMethodAccessorImpl.invoke0(Native Method)
at sun.reflect.NativeMethodAccessorImpl.invoke(NativeMethodAccessorImpl.java:62)
at sun.reflect.DelegatingMethodAccessorImpl.invoke(DelegatingMethodAccessorImpl.java:43)
at java.lang.reflect.Method.invoke(Method.java:498)
at org.testng.internal.MethodInvocationHelper.invokeMethod(MethodInvocationHelper.java:124)
at org.testng.internal.Invoker.invokeMethod(Invoker.java:583)
at org.testng.internal.Invoker.invokeTestMethod(Invoker.java:719)
at org.testng.internal.Invoker.invokeTestMethods(Invoker.java:989)
at org.testng.internal.TestMethodWorker.invokeTestMethods(TestMethodWorker.java:125)
at org.testng.internal.TestMethodWorker.run(TestMethodWorker.java:109)
at java.util.concurrent.ThreadPoolExecutor.runWorker(ThreadPoolExecutor.java:1149)
at java.util.concurrent.ThreadPoolExecutor$Worker.run(ThreadPoolExecutor.java:624)
at java.lang.Thread.run(Thread.java:748)
]]>
            </full-stacktrace>
          </exception> <!-- java.lang.NumberFormatException -->
          <reporter-output>
          </reporter-output>
        </test-method> <!-- divExceptionTest -->
        <test-method status="PASS" signature="divTest(long, long, long)[pri:0, instance:com.epam.cdp.cal.tests.DivisionCalculatorTest@7c703b]" name="divTest" duration-ms="0" started-at="2019-05-28T12:49:22Z" data-provider="dataForDivisionTest" finished-at="2019-05-28T12:49:22Z">
          <params>
            <param index="0">
              <value>
                <![CDATA[50]]>
              </value>
            </param>
            <param index="1">
              <value>
                <![CDATA[5]]>
              </value>
            </param>
            <param index="2">
              <value>
                <![CDATA[10]]>
              </value>
            </param>
          </params>
          <reporter-output>
          </reporter-output>
        </test-method> <!-- divTest -->
        <test-method status="PASS" signature="divTest(long, long, double)[pri:0, instance:com.epam.cdp.cal.tests.DivisionCalculatorTest@7c703b]" name="divTest" duration-ms="0" started-at="2019-05-28T12:49:22Z" data-provider="dataForDoubleDivisionTest" finished-at="2019-05-28T12:49:22Z">
          <params>
            <param index="0">
              <value>
                <![CDATA[84]]>
              </value>
            </param>
            <param index="1">
              <value>
                <![CDATA[4]]>
              </value>
            </param>
            <param index="2">
              <value>
                <![CDATA[21.0]]>
              </value>
            </param>
          </params>
          <reporter-output>
          </reporter-output>
        </test-method> <!-- divTest -->
        <test-method status="PASS" signature="divTest(long, long, long)[pri:0, instance:com.epam.cdp.cal.tests.DivisionCalculatorTest@7c703b]" name="divTest" duration-ms="0" started-at="2019-05-28T12:49:22Z" data-provider="dataForDivisionTest" finished-at="2019-05-28T12:49:22Z">
          <params>
            <param index="0">
              <value>
                <![CDATA[15]]>
              </value>
            </param>
            <param index="1">
              <value>
                <![CDATA[3]]>
              </value>
            </param>
            <param index="2">
              <value>
                <![CDATA[5]]>
              </value>
            </param>
          </params>
          <reporter-output>
          </reporter-output>
        </test-method> <!-- divTest -->
        <test-method status="PASS" signature="divTest(long, long, double)[pri:0, instance:com.epam.cdp.cal.tests.DivisionCalculatorTest@7c703b]" name="divTest" duration-ms="0" started-at="2019-05-28T12:49:22Z" data-provider="dataForDoubleDivisionTest" finished-at="2019-05-28T12:49:22Z">
          <params>
            <param index="0">
              <value>
                <![CDATA[24]]>
              </value>
            </param>
            <param index="1">
              <value>
                <![CDATA[4]]>
              </value>
            </param>
            <param index="2">
              <value>
                <![CDATA[6.0]]>
              </value>
            </param>
          </params>
          <reporter-output>
          </reporter-output>
        </test-method> <!-- divTest -->
        <test-method status="PASS" signature="divTest(long, long, double)[pri:0, instance:com.epam.cdp.cal.tests.DivisionCalculatorTest@7c703b]" name="divTest" duration-ms="0" started-at="2019-05-28T12:49:22Z" data-provider="dataForDoubleDivisionTest" finished-at="2019-05-28T12:49:22Z">
          <params>
            <param index="0">
              <value>
                <![CDATA[15]]>
              </value>
            </param>
            <param index="1">
              <value>
                <![CDATA[3]]>
              </value>
            </param>
            <param index="2">
              <value>
                <![CDATA[5.0]]>
              </value>
            </param>
          </params>
          <reporter-output>
          </reporter-output>
        </test-method> <!-- divTest -->
        <test-method status="PASS" signature="divTest(long, long, long)[pri:0, instance:com.epam.cdp.cal.tests.DivisionCalculatorTest@7c703b]" name="divTest" duration-ms="0" started-at="2019-05-28T12:49:22Z" data-provider="dataForDivisionTest" finished-at="2019-05-28T12:49:22Z">
          <params>
            <param index="0">
              <value>
                <![CDATA[24]]>
              </value>
            </param>
            <param index="1">
              <value>
                <![CDATA[4]]>
              </value>
            </param>
            <param index="2">
              <value>
                <![CDATA[6]]>
              </value>
            </param>
          </params>
          <reporter-output>
          </reporter-output>
        </test-method> <!-- divTest -->
        <test-method status="PASS" signature="tearDown()[pri:0, instance:com.epam.cdp.cal.tests.DivisionCalculatorTest@7c703b]" name="tearDown" is-config="true" duration-ms="0" started-at="2019-05-28T12:49:22Z" finished-at="2019-05-28T12:49:22Z">
          <reporter-output>
          </reporter-output>
        </test-method> <!-- tearDown -->
        <test-method status="PASS" signature="divTest(long, long, long)[pri:0, instance:com.epam.cdp.cal.tests.DivisionCalculatorTest@7c703b]" name="divTest" duration-ms="0" started-at="2019-05-28T12:49:22Z" data-provider="dataForDivisionTest" finished-at="2019-05-28T12:49:22Z">
          <params>
            <param index="0">
              <value>
                <![CDATA[84]]>
              </value>
            </param>
            <param index="1">
              <value>
                <![CDATA[4]]>
              </value>
            </param>
            <param index="2">
              <value>
                <![CDATA[21]]>
              </value>
            </param>
          </params>
          <reporter-output>
          </reporter-output>
        </test-method> <!-- divTest -->
      </class> <!-- com.epam.cdp.cal.tests.DivisionCalculatorTest -->
    </test> <!-- Division Cal Test -->
    <test name="Multiplication Cal Test" duration-ms="416" started-at="2019-05-28T12:49:22Z" finished-at="2019-05-28T12:49:23Z">
      <class name="com.epam.cdp.cal.tests.MultiplicationCalculatorTest">
        <test-method status="FAIL" signature="multiplicationTest(double, double, double)[pri:0, instance:com.epam.cdp.cal.tests.MultiplicationCalculatorTest@1412c2f]" name="multiplicationTest" duration-ms="0" started-at="2019-05-28T12:49:22Z" data-provider="dataForDoubleMultiplicationTest" finished-at="2019-05-28T12:49:22Z">
          <params>
            <param index="0">
              <value>
                <![CDATA[4.3]]>
              </value>
            </param>
            <param index="1">
              <value>
                <![CDATA[3.5]]>
              </value>
            </param>
            <param index="2">
              <value>
                <![CDATA[15.05]]>
              </value>
            </param>
          </params>
          <exception class="java.lang.AssertionError">
            <message>
              <![CDATA[Invalid result of multiplication expected [15.05] but found [15.0]]]>
            </message>
            <full-stacktrace>
              <![CDATA[java.lang.AssertionError: Invalid result of multiplication expected [15.05] but found [15.0]
at org.testng.Assert.fail(Assert.java:96)
at org.testng.Assert.failNotEquals(Assert.java:776)
at org.testng.Assert.assertEqualsImpl(Assert.java:137)
at org.testng.Assert.assertEquals(Assert.java:118)
at com.epam.cdp.cal.tests.MultiplicationCalculatorTest.multiplicationTest(MultiplicationCalculatorTest.java:12)
at sun.reflect.NativeMethodAccessorImpl.invoke0(Native Method)
at sun.reflect.NativeMethodAccessorImpl.invoke(NativeMethodAccessorImpl.java:62)
at sun.reflect.DelegatingMethodAccessorImpl.invoke(DelegatingMethodAccessorImpl.java:43)
at java.lang.reflect.Method.invoke(Method.java:498)
at org.testng.internal.MethodInvocationHelper.invokeMethod(MethodInvocationHelper.java:124)
at org.testng.internal.Invoker.invokeMethod(Invoker.java:583)
at org.testng.internal.Invoker.invokeTestMethod(Invoker.java:719)
at org.testng.internal.Invoker.invokeTestMethods(Invoker.java:989)
at org.testng.internal.TestMethodWorker.invokeTestMethods(TestMethodWorker.java:125)
at org.testng.internal.TestMethodWorker.run(TestMethodWorker.java:109)
at java.util.concurrent.ThreadPoolExecutor.runWorker(ThreadPoolExecutor.java:1149)
at java.util.concurrent.ThreadPoolExecutor$Worker.run(ThreadPoolExecutor.java:624)
at java.lang.Thread.run(Thread.java:748)
]]>
            </full-stacktrace>
          </exception> <!-- java.lang.AssertionError -->
          <reporter-output>
          </reporter-output>
        </test-method> <!-- multiplicationTest -->
        <test-method status="PASS" signature="setUp()[pri:0, instance:com.epam.cdp.cal.tests.MultiplicationCalculatorTest@1412c2f]" name="setUp" is-config="true" duration-ms="0" started-at="2019-05-28T12:49:22Z" finished-at="2019-05-28T12:49:22Z">
          <reporter-output>
          </reporter-output>
        </test-method> <!-- setUp -->
        <test-method status="PASS" signature="multiplicationTest(double, double, double)[pri:0, instance:com.epam.cdp.cal.tests.MultiplicationCalculatorTest@1412c2f]" name="multiplicationTest" duration-ms="0" started-at="2019-05-28T12:49:23Z" data-provider="dataForDoubleMultiplicationTest" finished-at="2019-05-28T12:49:23Z">
          <params>
            <param index="0">
              <value>
                <![CDATA[18]]>
              </value>
            </param>
            <param index="1">
              <value>
                <![CDATA[4]]>
              </value>
            </param>
            <param index="2">
              <value>
                <![CDATA[72]]>
              </value>
            </param>
          </params>
          <reporter-output>
          </reporter-output>
        </test-method> <!-- multiplicationTest -->
        <test-method status="PASS" signature="multiplicationTest(long, long, long)[pri:0, instance:com.epam.cdp.cal.tests.MultiplicationCalculatorTest@1412c2f]" name="multiplicationTest" duration-ms="0" started-at="2019-05-28T12:49:23Z" data-provider="dataForMultiplicationTest" finished-at="2019-05-28T12:49:23Z">
          <params>
            <param index="0">
              <value>
                <![CDATA[9]]>
              </value>
            </param>
            <param index="1">
              <value>
                <![CDATA[5]]>
              </value>
            </param>
            <param index="2">
              <value>
                <![CDATA[45]]>
              </value>
            </param>
          </params>
          <reporter-output>
          </reporter-output>
        </test-method> <!-- multiplicationTest -->
        <test-method status="PASS" signature="multiplicationTest(long, long, long)[pri:0, instance:com.epam.cdp.cal.tests.MultiplicationCalculatorTest@1412c2f]" name="multiplicationTest" duration-ms="0" started-at="2019-05-28T12:49:23Z" data-provider="dataForMultiplicationTest" finished-at="2019-05-28T12:49:23Z">
          <params>
            <param index="0">
              <value>
                <![CDATA[5]]>
              </value>
            </param>
            <param index="1">
              <value>
                <![CDATA[7]]>
              </value>
            </param>
            <param index="2">
              <value>
                <![CDATA[35]]>
              </value>
            </param>
          </params>
          <reporter-output>
          </reporter-output>
        </test-method> <!-- multiplicationTest -->
        <test-method status="PASS" signature="multiplicationTest(long, long, long)[pri:0, instance:com.epam.cdp.cal.tests.MultiplicationCalculatorTest@1412c2f]" name="multiplicationTest" duration-ms="0" started-at="2019-05-28T12:49:23Z" data-provider="dataForMultiplicationTest" finished-at="2019-05-28T12:49:23Z">
          <params>
            <param index="0">
              <value>
                <![CDATA[4]]>
              </value>
            </param>
            <param index="1">
              <value>
                <![CDATA[3]]>
              </value>
            </param>
            <param index="2">
              <value>
                <![CDATA[12]]>
              </value>
            </param>
          </params>
          <reporter-output>
          </reporter-output>
        </test-method> <!-- multiplicationTest -->
        <test-method status="PASS" signature="multiplicationTest(double, double, double)[pri:0, instance:com.epam.cdp.cal.tests.MultiplicationCalculatorTest@1412c2f]" name="multiplicationTest" duration-ms="0" started-at="2019-05-28T12:49:23Z" data-provider="dataForDoubleMultiplicationTest" finished-at="2019-05-28T12:49:23Z">
          <params>
            <param index="0">
              <value>
                <![CDATA[9]]>
              </value>
            </param>
            <param index="1">
              <value>
                <![CDATA[5]]>
              </value>
            </param>
            <param index="2">
              <value>
                <![CDATA[45]]>
              </value>
            </param>
          </params>
          <reporter-output>
          </reporter-output>
        </test-method> <!-- multiplicationTest -->
        <test-method status="PASS" signature="multiplicationTest(long, long, long)[pri:0, instance:com.epam.cdp.cal.tests.MultiplicationCalculatorTest@1412c2f]" name="multiplicationTest" duration-ms="0" started-at="2019-05-28T12:49:23Z" data-provider="dataForMultiplicationTest" finished-at="2019-05-28T12:49:23Z">
          <params>
            <param index="0">
              <value>
                <![CDATA[18]]>
              </value>
            </param>
            <param index="1">
              <value>
                <![CDATA[4]]>
              </value>
            </param>
            <param index="2">
              <value>
                <![CDATA[72]]>
              </value>
            </param>
          </params>
          <reporter-output>
          </reporter-output>
        </test-method> <!-- multiplicationTest -->
        <test-method status="PASS" signature="tearDown()[pri:0, instance:com.epam.cdp.cal.tests.MultiplicationCalculatorTest@1412c2f]" name="tearDown" is-config="true" duration-ms="0" started-at="2019-05-28T12:49:23Z" finished-at="2019-05-28T12:49:23Z">
          <reporter-output>
          </reporter-output>
        </test-method> <!-- tearDown -->
        <test-method status="PASS" signature="multiplicationTest(double, double, double)[pri:0, instance:com.epam.cdp.cal.tests.MultiplicationCalculatorTest@1412c2f]" name="multiplicationTest" duration-ms="0" started-at="2019-05-28T12:49:23Z" data-provider="dataForDoubleMultiplicationTest" finished-at="2019-05-28T12:49:23Z">
          <params>
            <param index="0">
              <value>
                <![CDATA[5.0]]>
              </value>
            </param>
            <param index="1">
              <value>
                <![CDATA[7.0]]>
              </value>
            </param>
            <param index="2">
              <value>
                <![CDATA[35.0]]>
              </value>
            </param>
          </params>
          <reporter-output>
          </reporter-output>
        </test-method> <!-- multiplicationTest -->
      </class> <!-- com.epam.cdp.cal.tests.MultiplicationCalculatorTest -->
    </test> <!-- Multiplication Cal Test -->
    <test name="Power Cal Test" duration-ms="316" started-at="2019-05-28T12:49:23Z" finished-at="2019-05-28T12:49:23Z">
      <class name="com.epam.cdp.cal.tests.PowerCalculatorTest">
        <test-method status="PASS" signature="powTest(double, double, double)[pri:0, instance:com.epam.cdp.cal.tests.PowerCalculatorTest@3bf400]" name="powTest" duration-ms="0" started-at="2019-05-28T12:49:23Z" data-provider="dataForPowTest" finished-at="2019-05-28T12:49:23Z">
          <params>
            <param index="0">
              <value>
                <![CDATA[-5]]>
              </value>
            </param>
            <param index="1">
              <value>
                <![CDATA[3]]>
              </value>
            </param>
            <param index="2">
              <value>
                <![CDATA[-125]]>
              </value>
            </param>
          </params>
          <reporter-output>
          </reporter-output>
        </test-method> <!-- powTest -->
        <test-method status="FAIL" signature="powTest(double, double, double)[pri:0, instance:com.epam.cdp.cal.tests.PowerCalculatorTest@3bf400]" name="powTest" duration-ms="0" started-at="2019-05-28T12:49:23Z" data-provider="dataForPowTest" finished-at="2019-05-28T12:49:23Z">
          <params>
            <param index="0">
              <value>
                <![CDATA[4]]>
              </value>
            </param>
            <param index="1">
              <value>
                <![CDATA[1.9]]>
              </value>
            </param>
            <param index="2">
              <value>
                <![CDATA[13.92]]>
              </value>
            </param>
          </params>
          <exception class="java.lang.AssertionError">
            <message>
              <![CDATA[Invalid result of sinus expected [4.0] but found [13.92]]]>
            </message>
            <full-stacktrace>
              <![CDATA[java.lang.AssertionError: Invalid result of sinus expected [4.0] but found [13.92]
at org.testng.Assert.fail(Assert.java:96)
at org.testng.Assert.failNotEquals(Assert.java:776)
at org.testng.Assert.assertEquals(Assert.java:489)
at com.epam.cdp.cal.tests.PowerCalculatorTest.powTest(PowerCalculatorTest.java:12)
at sun.reflect.NativeMethodAccessorImpl.invoke0(Native Method)
at sun.reflect.NativeMethodAccessorImpl.invoke(NativeMethodAccessorImpl.java:62)
at sun.reflect.DelegatingMethodAccessorImpl.invoke(DelegatingMethodAccessorImpl.java:43)
at java.lang.reflect.Method.invoke(Method.java:498)
at org.testng.internal.MethodInvocationHelper.invokeMethod(MethodInvocationHelper.java:124)
at org.testng.internal.Invoker.invokeMethod(Invoker.java:583)
at org.testng.internal.Invoker.invokeTestMethod(Invoker.java:719)
at org.testng.internal.Invoker.invokeTestMethods(Invoker.java:989)
at org.testng.internal.TestMethodWorker.invokeTestMethods(TestMethodWorker.java:125)
at org.testng.internal.TestMethodWorker.run(TestMethodWorker.java:109)
at java.util.concurrent.ThreadPoolExecutor.runWorker(ThreadPoolExecutor.java:1149)
at java.util.concurrent.ThreadPoolExecutor$Worker.run(ThreadPoolExecutor.java:624)
at java.lang.Thread.run(Thread.java:748)
]]>
            </full-stacktrace>
          </exception> <!-- java.lang.AssertionError -->
          <reporter-output>
          </reporter-output>
        </test-method> <!-- powTest -->
        <test-method status="PASS" signature="powTest(double, double, double)[pri:0, instance:com.epam.cdp.cal.tests.PowerCalculatorTest@3bf400]" name="powTest" duration-ms="0" started-at="2019-05-28T12:49:23Z" data-provider="dataForPowTest" finished-at="2019-05-28T12:49:23Z">
          <params>
            <param index="0">
              <value>
                <![CDATA[3]]>
              </value>
            </param>
            <param index="1">
              <value>
                <![CDATA[3]]>
              </value>
            </param>
            <param index="2">
              <value>
                <![CDATA[27]]>
              </value>
            </param>
          </params>
          <reporter-output>
          </reporter-output>
        </test-method> <!-- powTest -->
        <test-method status="PASS" signature="setUp()[pri:0, instance:com.epam.cdp.cal.tests.PowerCalculatorTest@3bf400]" name="setUp" is-config="true" duration-ms="0" started-at="2019-05-28T12:49:23Z" finished-at="2019-05-28T12:49:23Z">
          <reporter-output>
          </reporter-output>
        </test-method> <!-- setUp -->
        <test-method status="PASS" signature="powTest(double, double, double)[pri:0, instance:com.epam.cdp.cal.tests.PowerCalculatorTest@3bf400]" name="powTest" duration-ms="0" started-at="2019-05-28T12:49:23Z" data-provider="dataForPowTest" finished-at="2019-05-28T12:49:23Z">
          <params>
            <param index="0">
              <value>
                <![CDATA[0]]>
              </value>
            </param>
            <param index="1">
              <value>
                <![CDATA[0]]>
              </value>
            </param>
            <param index="2">
              <value>
                <![CDATA[1]]>
              </value>
            </param>
          </params>
          <reporter-output>
          </reporter-output>
        </test-method> <!-- powTest -->
        <test-method status="PASS" signature="tearDown()[pri:0, instance:com.epam.cdp.cal.tests.PowerCalculatorTest@3bf400]" name="tearDown" is-config="true" duration-ms="0" started-at="2019-05-28T12:49:23Z" finished-at="2019-05-28T12:49:23Z">
          <reporter-output>
          </reporter-output>
        </test-method> <!-- tearDown -->
      </class> <!-- com.epam.cdp.cal.tests.PowerCalculatorTest -->
    </test> <!-- Power Cal Test -->
    <test name="Square root Cal Test" duration-ms="0" started-at="2019-05-28T12:49:23Z" finished-at="2019-05-28T12:49:23Z">
      <class name="com.epam.cdp.cal.tests.SquareRootCalculatorTest">
        <test-method status="PASS" signature="setUp()[pri:0, instance:com.epam.cdp.cal.tests.SquareRootCalculatorTest@fb4a64]" name="setUp" is-config="true" duration-ms="0" started-at="2019-05-28T12:49:23Z" finished-at="2019-05-28T12:49:23Z">
          <reporter-output>
          </reporter-output>
        </test-method> <!-- setUp -->
        <test-method status="PASS" signature="sqrtTest(double, double)[pri:0, instance:com.epam.cdp.cal.tests.SquareRootCalculatorTest@fb4a64]" name="sqrtTest" duration-ms="0" started-at="2019-05-28T12:49:23Z" data-provider="dataForSqrtTest" finished-at="2019-05-28T12:49:23Z">
          <params>
            <param index="0">
              <value>
                <![CDATA[64]]>
              </value>
            </param>
            <param index="1">
              <value>
                <![CDATA[8]]>
              </value>
            </param>
          </params>
          <reporter-output>
          </reporter-output>
        </test-method> <!-- sqrtTest -->
        <test-method status="PASS" signature="tearDown()[pri:0, instance:com.epam.cdp.cal.tests.SquareRootCalculatorTest@fb4a64]" name="tearDown" is-config="true" duration-ms="0" started-at="2019-05-28T12:49:23Z" finished-at="2019-05-28T12:49:23Z">
          <reporter-output>
          </reporter-output>
        </test-method> <!-- tearDown -->
        <test-method status="PASS" signature="sqrtTest(double, double)[pri:0, instance:com.epam.cdp.cal.tests.SquareRootCalculatorTest@fb4a64]" name="sqrtTest" duration-ms="0" started-at="2019-05-28T12:49:23Z" data-provider="dataForSqrtTest" finished-at="2019-05-28T12:49:23Z">
          <params>
            <param index="0">
              <value>
                <![CDATA[25]]>
              </value>
            </param>
            <param index="1">
              <value>
                <![CDATA[5]]>
              </value>
            </param>
          </params>
          <reporter-output>
          </reporter-output>
        </test-method> <!-- sqrtTest -->
        <test-method status="PASS" signature="sqrtTest(double, double)[pri:0, instance:com.epam.cdp.cal.tests.SquareRootCalculatorTest@fb4a64]" name="sqrtTest" duration-ms="0" started-at="2019-05-28T12:49:23Z" data-provider="dataForSqrtTest" finished-at="2019-05-28T12:49:23Z">
          <params>
            <param index="0">
              <value>
                <![CDATA[16]]>
              </value>
            </param>
            <param index="1">
              <value>
                <![CDATA[4]]>
              </value>
            </param>
          </params>
          <reporter-output>
          </reporter-output>
        </test-method> <!-- sqrtTest -->
        <test-method status="PASS" signature="sqrtTest(double, double)[pri:0, instance:com.epam.cdp.cal.tests.SquareRootCalculatorTest@fb4a64]" name="sqrtTest" duration-ms="0" started-at="2019-05-28T12:49:23Z" data-provider="dataForSqrtTest" finished-at="2019-05-28T12:49:23Z">
          <params>
            <param index="0">
              <value>
                <![CDATA[-1]]>
              </value>
            </param>
            <param index="1">
              <value>
                <![CDATA[1]]>
              </value>
            </param>
          </params>
          <reporter-output>
          </reporter-output>
        </test-method> <!-- sqrtTest -->
      </class> <!-- com.epam.cdp.cal.tests.SquareRootCalculatorTest -->
    </test> <!-- Square root Cal Test -->
    <test name="Positive Number Test" duration-ms="0" started-at="2019-05-28T12:49:23Z" finished-at="2019-05-28T12:49:23Z">
      <class name="com.epam.cdp.cal.tests.PositiveNumberTest">
        <test-method status="PASS" signature="numberIsPositiveTest(long, boolean)[pri:0, instance:com.epam.cdp.cal.tests.PositiveNumberTest@5b84c0]" name="numberIsPositiveTest" duration-ms="0" started-at="2019-05-28T12:49:23Z" data-provider="dataForPositiveNumbersTest" finished-at="2019-05-28T12:49:23Z">
          <params>
            <param index="0">
              <value>
                <![CDATA[-14]]>
              </value>
            </param>
            <param index="1">
              <value>
                <![CDATA[false]]>
              </value>
            </param>
          </params>
          <reporter-output>
          </reporter-output>
        </test-method> <!-- numberIsPositiveTest -->
        <test-method status="PASS" signature="numberIsPositiveTest(long, boolean)[pri:0, instance:com.epam.cdp.cal.tests.PositiveNumberTest@5b84c0]" name="numberIsPositiveTest" duration-ms="0" started-at="2019-05-28T12:49:23Z" data-provider="dataForPositiveNumbersTest" finished-at="2019-05-28T12:49:23Z">
          <params>
            <param index="0">
              <value>
                <![CDATA[9]]>
              </value>
            </param>
            <param index="1">
              <value>
                <![CDATA[true]]>
              </value>
            </param>
          </params>
          <reporter-output>
          </reporter-output>
        </test-method> <!-- numberIsPositiveTest -->
        <test-method status="PASS" signature="tearDown()[pri:0, instance:com.epam.cdp.cal.tests.PositiveNumberTest@5b84c0]" name="tearDown" is-config="true" duration-ms="0" started-at="2019-05-28T12:49:23Z" finished-at="2019-05-28T12:49:23Z">
          <reporter-output>
          </reporter-output>
        </test-method> <!-- tearDown -->
        <test-method status="PASS" signature="setUp()[pri:0, instance:com.epam.cdp.cal.tests.PositiveNumberTest@5b84c0]" name="setUp" is-config="true" duration-ms="0" started-at="2019-05-28T12:49:23Z" finished-at="2019-05-28T12:49:23Z">
          <reporter-output>
          </reporter-output>
        </test-method> <!-- setUp -->
        <test-method status="PASS" signature="numberIsPositiveTest(long, boolean)[pri:0, instance:com.epam.cdp.cal.tests.PositiveNumberTest@5b84c0]" name="numberIsPositiveTest" duration-ms="0" started-at="2019-05-28T12:49:23Z" data-provider="dataForPositiveNumbersTest" finished-at="2019-05-28T12:49:23Z">
          <params>
            <param index="0">
              <value>
                <![CDATA[0]]>
              </value>
            </param>
            <param index="1">
              <value>
                <![CDATA[false]]>
              </value>
            </param>
          </params>
          <reporter-output>
          </reporter-output>
        </test-method> <!-- numberIsPositiveTest -->
        <test-method status="PASS" signature="numberIsPositiveTest(long, boolean)[pri:0, instance:com.epam.cdp.cal.tests.PositiveNumberTest@5b84c0]" name="numberIsPositiveTest" duration-ms="0" started-at="2019-05-28T12:49:23Z" data-provider="dataForPositiveNumbersTest" finished-at="2019-05-28T12:49:23Z">
          <params>
            <param index="0">
              <value>
                <![CDATA[7]]>
              </value>
            </param>
            <param index="1">
              <value>
                <![CDATA[true]]>
              </value>
            </param>
          </params>
          <reporter-output>
          </reporter-output>
        </test-method> <!-- numberIsPositiveTest -->
      </class> <!-- com.epam.cdp.cal.tests.PositiveNumberTest -->
    </test> <!-- Positive Number Test -->
    <test name="Negative Cal Test" duration-ms="0" started-at="2019-05-28T12:49:23Z" finished-at="2019-05-28T12:49:23Z">
      <class name="com.epam.cdp.cal.tests.NegativeNumberTest">
        <test-method status="PASS" signature="setUp()[pri:0, instance:com.epam.cdp.cal.tests.NegativeNumberTest@33bd0]" name="setUp" is-config="true" duration-ms="0" started-at="2019-05-28T12:49:23Z" finished-at="2019-05-28T12:49:23Z">
          <reporter-output>
          </reporter-output>
        </test-method> <!-- setUp -->
        <test-method status="PASS" signature="numberIsNegativeTest(long, boolean)[pri:0, instance:com.epam.cdp.cal.tests.NegativeNumberTest@33bd0]" name="numberIsNegativeTest" duration-ms="0" started-at="2019-05-28T12:49:23Z" data-provider="dataForNegativeNumbersTest" finished-at="2019-05-28T12:49:23Z">
          <params>
            <param index="0">
              <value>
                <![CDATA[0]]>
              </value>
            </param>
            <param index="1">
              <value>
                <![CDATA[false]]>
              </value>
            </param>
          </params>
          <reporter-output>
          </reporter-output>
        </test-method> <!-- numberIsNegativeTest -->
        <test-method status="PASS" signature="numberIsNegativeTest(long, boolean)[pri:0, instance:com.epam.cdp.cal.tests.NegativeNumberTest@33bd0]" name="numberIsNegativeTest" duration-ms="0" started-at="2019-05-28T12:49:23Z" data-provider="dataForNegativeNumbersTest" finished-at="2019-05-28T12:49:23Z">
          <params>
            <param index="0">
              <value>
                <![CDATA[8]]>
              </value>
            </param>
            <param index="1">
              <value>
                <![CDATA[false]]>
              </value>
            </param>
          </params>
          <reporter-output>
          </reporter-output>
        </test-method> <!-- numberIsNegativeTest -->
        <test-method status="PASS" signature="numberIsNegativeTest(long, boolean)[pri:0, instance:com.epam.cdp.cal.tests.NegativeNumberTest@33bd0]" name="numberIsNegativeTest" duration-ms="0" started-at="2019-05-28T12:49:23Z" data-provider="dataForNegativeNumbersTest" finished-at="2019-05-28T12:49:23Z">
          <params>
            <param index="0">
              <value>
                <![CDATA[-9]]>
              </value>
            </param>
            <param index="1">
              <value>
                <![CDATA[true]]>
              </value>
            </param>
          </params>
          <reporter-output>
          </reporter-output>
        </test-method> <!-- numberIsNegativeTest -->
        <test-method status="PASS" signature="tearDown()[pri:0, instance:com.epam.cdp.cal.tests.NegativeNumberTest@33bd0]" name="tearDown" is-config="true" duration-ms="0" started-at="2019-05-28T12:49:23Z" finished-at="2019-05-28T12:49:23Z">
          <reporter-output>
          </reporter-output>
        </test-method> <!-- tearDown -->
        <test-method status="PASS" signature="numberIsNegativeTest(long, boolean)[pri:0, instance:com.epam.cdp.cal.tests.NegativeNumberTest@33bd0]" name="numberIsNegativeTest" duration-ms="0" started-at="2019-05-28T12:49:23Z" data-provider="dataForNegativeNumbersTest" finished-at="2019-05-28T12:49:23Z">
          <params>
            <param index="0">
              <value>
                <![CDATA[-4]]>
              </value>
            </param>
            <param index="1">
              <value>
                <![CDATA[true]]>
              </value>
            </param>
          </params>
          <reporter-output>
          </reporter-output>
        </test-method> <!-- numberIsNegativeTest -->
      </class> <!-- com.epam.cdp.cal.tests.NegativeNumberTest -->
    </test> <!-- Negative Cal Test -->
    <test name="calculator" duration-ms="4663" started-at="2019-05-28T12:49:23Z" finished-at="2019-05-28T12:49:28Z">
      <class name="com.epam.cdp.cal.tests.SinusCalculatorTest">
        <test-method status="FAIL" signature="sinusTest(double, double)[pri:0, instance:com.epam.cdp.cal.tests.SinusCalculatorTest@107ec20]" name="sinusTest" duration-ms="0" started-at="2019-05-28T12:49:27Z" data-provider="dataForSinusTest" finished-at="2019-05-28T12:49:27Z">
          <params>
            <param index="0">
              <value>
                <![CDATA[3]]>
              </value>
            </param>
            <param index="1">
              <value>
                <![CDATA[0.14]]>
              </value>
            </param>
          </params>
          <exception class="java.lang.NullPointerException">
            <full-stacktrace>
              <![CDATA[java.lang.NullPointerException
at com.epam.cdp.cal.tests.SinusCalculatorTest.sinusTest(SinusCalculatorTest.java:11)
at sun.reflect.NativeMethodAccessorImpl.invoke0(Native Method)
at sun.reflect.NativeMethodAccessorImpl.invoke(NativeMethodAccessorImpl.java:62)
at sun.reflect.DelegatingMethodAccessorImpl.invoke(DelegatingMethodAccessorImpl.java:43)
at java.lang.reflect.Method.invoke(Method.java:498)
at org.testng.internal.MethodInvocationHelper.invokeMethod(MethodInvocationHelper.java:124)
at org.testng.internal.Invoker.invokeMethod(Invoker.java:583)
at org.testng.internal.Invoker.invokeTestMethod(Invoker.java:719)
at org.testng.internal.Invoker.invokeTestMethods(Invoker.java:989)
at org.testng.internal.TestMethodWorker.invokeTestMethods(TestMethodWorker.java:125)
at org.testng.internal.TestMethodWorker.run(TestMethodWorker.java:109)
at java.util.concurrent.ThreadPoolExecutor.runWorker(ThreadPoolExecutor.java:1149)
at java.util.concurrent.ThreadPoolExecutor$Worker.run(ThreadPoolExecutor.java:624)
at java.lang.Thread.run(Thread.java:748)
]]>
            </full-stacktrace>
          </exception> <!-- java.lang.NullPointerException -->
          <reporter-output>
          </reporter-output>
        </test-method> <!-- sinusTest -->
        <test-method status="FAIL" signature="sinusTest(double, double)[pri:0, instance:com.epam.cdp.cal.tests.SinusCalculatorTest@107ec20]" name="sinusTest" duration-ms="0" started-at="2019-05-28T12:49:27Z" data-provider="dataForSinusTest" finished-at="2019-05-28T12:49:27Z">
          <params>
            <param index="0">
              <value>
                <![CDATA[0]]>
              </value>
            </param>
            <param index="1">
              <value>
                <![CDATA[0.0]]>
              </value>
            </param>
          </params>
          <exception class="java.lang.NullPointerException">
            <full-stacktrace>
              <![CDATA[java.lang.NullPointerException
at com.epam.cdp.cal.tests.SinusCalculatorTest.sinusTest(SinusCalculatorTest.java:11)
at sun.reflect.NativeMethodAccessorImpl.invoke0(Native Method)
at sun.reflect.NativeMethodAccessorImpl.invoke(NativeMethodAccessorImpl.java:62)
at sun.reflect.DelegatingMethodAccessorImpl.invoke(DelegatingMethodAccessorImpl.java:43)
at java.lang.reflect.Method.invoke(Method.java:498)
at org.testng.internal.MethodInvocationHelper.invokeMethod(MethodInvocationHelper.java:124)
at org.testng.internal.Invoker.invokeMethod(Invoker.java:583)
at org.testng.internal.Invoker.invokeTestMethod(Invoker.java:719)
at org.testng.internal.Invoker.invokeTestMethods(Invoker.java:989)
at org.testng.internal.TestMethodWorker.invokeTestMethods(TestMethodWorker.java:125)
at org.testng.internal.TestMethodWorker.run(TestMethodWorker.java:109)
at java.util.concurrent.ThreadPoolExecutor.runWorker(ThreadPoolExecutor.java:1149)
at java.util.concurrent.ThreadPoolExecutor$Worker.run(ThreadPoolExecutor.java:624)
at java.lang.Thread.run(Thread.java:748)
]]>
            </full-stacktrace>
          </exception> <!-- java.lang.NullPointerException -->
          <reporter-output>
          </reporter-output>
        </test-method> <!-- sinusTest -->
        <test-method status="FAIL" signature="sinusTest(double, double)[pri:0, instance:com.epam.cdp.cal.tests.SinusCalculatorTest@107ec20]" name="sinusTest" duration-ms="0" started-at="2019-05-28T12:49:27Z" data-provider="dataForSinusTest" finished-at="2019-05-28T12:49:27Z">
          <params>
            <param index="0">
              <value>
                <![CDATA[-1]]>
              </value>
            </param>
            <param index="1">
              <value>
                <![CDATA[-0.84]]>
              </value>
            </param>
          </params>
          <exception class="java.lang.NullPointerException">
            <full-stacktrace>
              <![CDATA[java.lang.NullPointerException
at com.epam.cdp.cal.tests.SinusCalculatorTest.sinusTest(SinusCalculatorTest.java:11)
at sun.reflect.NativeMethodAccessorImpl.invoke0(Native Method)
at sun.reflect.NativeMethodAccessorImpl.invoke(NativeMethodAccessorImpl.java:62)
at sun.reflect.DelegatingMethodAccessorImpl.invoke(DelegatingMethodAccessorImpl.java:43)
at java.lang.reflect.Method.invoke(Method.java:498)
at org.testng.internal.MethodInvocationHelper.invokeMethod(MethodInvocationHelper.java:124)
at org.testng.internal.Invoker.invokeMethod(Invoker.java:583)
at org.testng.internal.Invoker.invokeTestMethod(Invoker.java:719)
at org.testng.internal.Invoker.invokeTestMethods(Invoker.java:989)
at org.testng.internal.TestMethodWorker.invokeTestMethods(TestMethodWorker.java:125)
at org.testng.internal.TestMethodWorker.run(TestMethodWorker.java:109)
at java.util.concurrent.ThreadPoolExecutor.runWorker(ThreadPoolExecutor.java:1149)
at java.util.concurrent.ThreadPoolExecutor$Worker.run(ThreadPoolExecutor.java:624)
at java.lang.Thread.run(Thread.java:748)
]]>
            </full-stacktrace>
          </exception> <!-- java.lang.NullPointerException -->
          <reporter-output>
          </reporter-output>
        </test-method> <!-- sinusTest -->
        <test-method status="FAIL" signature="sinusTest(double, double)[pri:0, instance:com.epam.cdp.cal.tests.SinusCalculatorTest@107ec20]" name="sinusTest" duration-ms="0" started-at="2019-05-28T12:49:27Z" data-provider="dataForSinusTest" finished-at="2019-05-28T12:49:27Z">
          <params>
            <param index="0">
              <value>
                <![CDATA[1]]>
              </value>
            </param>
            <param index="1">
              <value>
                <![CDATA[0.84]]>
              </value>
            </param>
          </params>
          <exception class="java.lang.NullPointerException">
            <full-stacktrace>
              <![CDATA[java.lang.NullPointerException
at com.epam.cdp.cal.tests.SinusCalculatorTest.sinusTest(SinusCalculatorTest.java:11)
at sun.reflect.NativeMethodAccessorImpl.invoke0(Native Method)
at sun.reflect.NativeMethodAccessorImpl.invoke(NativeMethodAccessorImpl.java:62)
at sun.reflect.DelegatingMethodAccessorImpl.invoke(DelegatingMethodAccessorImpl.java:43)
at java.lang.reflect.Method.invoke(Method.java:498)
at org.testng.internal.MethodInvocationHelper.invokeMethod(MethodInvocationHelper.java:124)
at org.testng.internal.Invoker.invokeMethod(Invoker.java:583)
at org.testng.internal.Invoker.invokeTestMethod(Invoker.java:719)
at org.testng.internal.Invoker.invokeTestMethods(Invoker.java:989)
at org.testng.internal.TestMethodWorker.invokeTestMethods(TestMethodWorker.java:125)
at org.testng.internal.TestMethodWorker.run(TestMethodWorker.java:109)
at java.util.concurrent.ThreadPoolExecutor.runWorker(ThreadPoolExecutor.java:1149)
at java.util.concurrent.ThreadPoolExecutor$Worker.run(ThreadPoolExecutor.java:624)
at java.lang.Thread.run(Thread.java:748)
]]>
            </full-stacktrace>
          </exception> <!-- java.lang.NullPointerException -->
          <reporter-output>
          </reporter-output>
        </test-method> <!-- sinusTest -->
      </class> <!-- com.epam.cdp.cal.tests.SinusCalculatorTest -->
      <class name="com.epam.cdp.cal.tests.CotangentCalculatorTest">
        <test-method status="FAIL" signature="cotangentTest(double, double)[pri:0, instance:com.epam.cdp.cal.tests.CotangentCalculatorTest@ee9593]" name="cotangentTest" duration-ms="0" started-at="2019-05-28T12:49:25Z" data-provider="dataForCotangentTest" finished-at="2019-05-28T12:49:25Z">
          <params>
            <param index="0">
              <value>
                <![CDATA[0]]>
              </value>
            </param>
            <param index="1">
              <value>
                <![CDATA[Infinity]]>
              </value>
            </param>
          </params>
          <exception class="java.lang.NullPointerException">
            <full-stacktrace>
              <![CDATA[java.lang.NullPointerException
at com.epam.cdp.cal.tests.CotangentCalculatorTest.cotangentTest(CotangentCalculatorTest.java:14)
at sun.reflect.NativeMethodAccessorImpl.invoke0(Native Method)
at sun.reflect.NativeMethodAccessorImpl.invoke(NativeMethodAccessorImpl.java:62)
at sun.reflect.DelegatingMethodAccessorImpl.invoke(DelegatingMethodAccessorImpl.java:43)
at java.lang.reflect.Method.invoke(Method.java:498)
at org.testng.internal.MethodInvocationHelper.invokeMethod(MethodInvocationHelper.java:124)
at org.testng.internal.Invoker.invokeMethod(Invoker.java:583)
at org.testng.internal.Invoker.invokeTestMethod(Invoker.java:719)
at org.testng.internal.Invoker.invokeTestMethods(Invoker.java:989)
at org.testng.internal.TestMethodWorker.invokeTestMethods(TestMethodWorker.java:125)
at org.testng.internal.TestMethodWorker.run(TestMethodWorker.java:109)
at java.util.concurrent.ThreadPoolExecutor.runWorker(ThreadPoolExecutor.java:1149)
at java.util.concurrent.ThreadPoolExecutor$Worker.run(ThreadPoolExecutor.java:624)
at java.lang.Thread.run(Thread.java:748)
]]>
            </full-stacktrace>
          </exception> <!-- java.lang.NullPointerException -->
          <reporter-output>
          </reporter-output>
        </test-method> <!-- cotangentTest -->
        <test-method status="FAIL" signature="cotangentTest(double, double)[pri:0, instance:com.epam.cdp.cal.tests.CotangentCalculatorTest@ee9593]" name="cotangentTest" duration-ms="0" started-at="2019-05-28T12:49:26Z" data-provider="dataForCotangentTest" finished-at="2019-05-28T12:49:26Z">
          <params>
            <param index="0">
              <value>
                <![CDATA[7]]>
              </value>
            </param>
            <param index="1">
              <value>
                <![CDATA[1.14]]>
              </value>
            </param>
          </params>
          <exception class="java.lang.NullPointerException">
            <full-stacktrace>
              <![CDATA[java.lang.NullPointerException
at com.epam.cdp.cal.tests.CotangentCalculatorTest.cotangentTest(CotangentCalculatorTest.java:14)
at sun.reflect.NativeMethodAccessorImpl.invoke0(Native Method)
at sun.reflect.NativeMethodAccessorImpl.invoke(NativeMethodAccessorImpl.java:62)
at sun.reflect.DelegatingMethodAccessorImpl.invoke(DelegatingMethodAccessorImpl.java:43)
at java.lang.reflect.Method.invoke(Method.java:498)
at org.testng.internal.MethodInvocationHelper.invokeMethod(MethodInvocationHelper.java:124)
at org.testng.internal.Invoker.invokeMethod(Invoker.java:583)
at org.testng.internal.Invoker.invokeTestMethod(Invoker.java:719)
at org.testng.internal.Invoker.invokeTestMethods(Invoker.java:989)
at org.testng.internal.TestMethodWorker.invokeTestMethods(TestMethodWorker.java:125)
at org.testng.internal.TestMethodWorker.run(TestMethodWorker.java:109)
at java.util.concurrent.ThreadPoolExecutor.runWorker(ThreadPoolExecutor.java:1149)
at java.util.concurrent.ThreadPoolExecutor$Worker.run(ThreadPoolExecutor.java:624)
at java.lang.Thread.run(Thread.java:748)
]]>
            </full-stacktrace>
          </exception> <!-- java.lang.NullPointerException -->
          <reporter-output>
          </reporter-output>
        </test-method> <!-- cotangentTest -->
        <test-method status="FAIL" signature="cotangentTest(double, double)[pri:0, instance:com.epam.cdp.cal.tests.CotangentCalculatorTest@ee9593]" name="cotangentTest" duration-ms="0" started-at="2019-05-28T12:49:26Z" data-provider="dataForCotangentTest" finished-at="2019-05-28T12:49:26Z">
          <params>
            <param index="0">
              <value>
                <![CDATA[1]]>
              </value>
            </param>
            <param index="1">
              <value>
                <![CDATA[0.642]]>
              </value>
            </param>
          </params>
          <exception class="java.lang.NullPointerException">
            <full-stacktrace>
              <![CDATA[java.lang.NullPointerException
at com.epam.cdp.cal.tests.CotangentCalculatorTest.cotangentTest(CotangentCalculatorTest.java:14)
at sun.reflect.NativeMethodAccessorImpl.invoke0(Native Method)
at sun.reflect.NativeMethodAccessorImpl.invoke(NativeMethodAccessorImpl.java:62)
at sun.reflect.DelegatingMethodAccessorImpl.invoke(DelegatingMethodAccessorImpl.java:43)
at java.lang.reflect.Method.invoke(Method.java:498)
at org.testng.internal.MethodInvocationHelper.invokeMethod(MethodInvocationHelper.java:124)
at org.testng.internal.Invoker.invokeMethod(Invoker.java:583)
at org.testng.internal.Invoker.invokeTestMethod(Invoker.java:719)
at org.testng.internal.Invoker.invokeTestMethods(Invoker.java:989)
at org.testng.internal.TestMethodWorker.invokeTestMethods(TestMethodWorker.java:125)
at org.testng.internal.TestMethodWorker.run(TestMethodWorker.java:109)
at java.util.concurrent.ThreadPoolExecutor.runWorker(ThreadPoolExecutor.java:1149)
at java.util.concurrent.ThreadPoolExecutor$Worker.run(ThreadPoolExecutor.java:624)
at java.lang.Thread.run(Thread.java:748)
]]>
            </full-stacktrace>
          </exception> <!-- java.lang.NullPointerException -->
          <reporter-output>
          </reporter-output>
        </test-method> <!-- cotangentTest -->
        <test-method status="FAIL" signature="cotangentTest(double, double)[pri:0, instance:com.epam.cdp.cal.tests.CotangentCalculatorTest@ee9593]" name="cotangentTest" duration-ms="0" started-at="2019-05-28T12:49:26Z" data-provider="dataForCotangentTest" finished-at="2019-05-28T12:49:26Z">
          <params>
            <param index="0">
              <value>
                <![CDATA[-1]]>
              </value>
            </param>
            <param index="1">
              <value>
                <![CDATA[-0.642]]>
              </value>
            </param>
          </params>
          <exception class="java.lang.NullPointerException">
            <full-stacktrace>
              <![CDATA[java.lang.NullPointerException
at com.epam.cdp.cal.tests.CotangentCalculatorTest.cotangentTest(CotangentCalculatorTest.java:14)
at sun.reflect.NativeMethodAccessorImpl.invoke0(Native Method)
at sun.reflect.NativeMethodAccessorImpl.invoke(NativeMethodAccessorImpl.java:62)
at sun.reflect.DelegatingMethodAccessorImpl.invoke(DelegatingMethodAccessorImpl.java:43)
at java.lang.reflect.Method.invoke(Method.java:498)
at org.testng.internal.MethodInvocationHelper.invokeMethod(MethodInvocationHelper.java:124)
at org.testng.internal.Invoker.invokeMethod(Invoker.java:583)
at org.testng.internal.Invoker.invokeTestMethod(Invoker.java:719)
at org.testng.internal.Invoker.invokeTestMethods(Invoker.java:989)
at org.testng.internal.TestMethodWorker.invokeTestMethods(TestMethodWorker.java:125)
at org.testng.internal.TestMethodWorker.run(TestMethodWorker.java:109)
at java.util.concurrent.ThreadPoolExecutor.runWorker(ThreadPoolExecutor.java:1149)
at java.util.concurrent.ThreadPoolExecutor$Worker.run(ThreadPoolExecutor.java:624)
at java.lang.Thread.run(Thread.java:748)
]]>
            </full-stacktrace>
          </exception> <!-- java.lang.NullPointerException -->
          <reporter-output>
          </reporter-output>
        </test-method> <!-- cotangentTest -->
      </class> <!-- com.epam.cdp.cal.tests.CotangentCalculatorTest -->
      <class name="com.epam.cdp.cal.tests.CosineCalculatorTest">
        <test-method status="FAIL" signature="cosTest(double, double)[pri:0, instance:com.epam.cdp.cal.tests.CosineCalculatorTest@180d80f]" name="cosTest" duration-ms="0" started-at="2019-05-28T12:49:23Z" data-provider="dataForCosTest" finished-at="2019-05-28T12:49:23Z">
          <params>
            <param index="0">
              <value>
                <![CDATA[24]]>
              </value>
            </param>
            <param index="1">
              <value>
                <![CDATA[0.42]]>
              </value>
            </param>
          </params>
          <exception class="java.lang.NullPointerException">
            <full-stacktrace>
              <![CDATA[java.lang.NullPointerException
at com.epam.cdp.cal.tests.CosineCalculatorTest.cosTest(CosineCalculatorTest.java:11)
at sun.reflect.NativeMethodAccessorImpl.invoke0(Native Method)
at sun.reflect.NativeMethodAccessorImpl.invoke(NativeMethodAccessorImpl.java:62)
at sun.reflect.DelegatingMethodAccessorImpl.invoke(DelegatingMethodAccessorImpl.java:43)
at java.lang.reflect.Method.invoke(Method.java:498)
at org.testng.internal.MethodInvocationHelper.invokeMethod(MethodInvocationHelper.java:124)
at org.testng.internal.Invoker.invokeMethod(Invoker.java:583)
at org.testng.internal.Invoker.invokeTestMethod(Invoker.java:719)
at org.testng.internal.Invoker.invokeTestMethods(Invoker.java:989)
at org.testng.internal.TestMethodWorker.invokeTestMethods(TestMethodWorker.java:125)
at org.testng.internal.TestMethodWorker.run(TestMethodWorker.java:109)
at java.util.concurrent.ThreadPoolExecutor.runWorker(ThreadPoolExecutor.java:1149)
at java.util.concurrent.ThreadPoolExecutor$Worker.run(ThreadPoolExecutor.java:624)
at java.lang.Thread.run(Thread.java:748)
]]>
            </full-stacktrace>
          </exception> <!-- java.lang.NullPointerException -->
          <reporter-output>
          </reporter-output>
        </test-method> <!-- cosTest -->
        <test-method status="PASS" signature="setUpGroups()[pri:0, instance:com.epam.cdp.cal.tests.CosineCalculatorTest@180d80f]" name="setUpGroups" is-config="true" duration-ms="0" started-at="2019-05-28T12:49:23Z" finished-at="2019-05-28T12:49:23Z">
          <reporter-output>
          </reporter-output>
        </test-method> <!-- setUpGroups -->
        <test-method status="FAIL" signature="cosTest(double, double)[pri:0, instance:com.epam.cdp.cal.tests.CosineCalculatorTest@180d80f]" name="cosTest" duration-ms="0" started-at="2019-05-28T12:49:23Z" data-provider="dataForCosTest" finished-at="2019-05-28T12:49:23Z">
          <params>
            <param index="0">
              <value>
                <![CDATA[17]]>
              </value>
            </param>
            <param index="1">
              <value>
                <![CDATA[-0.275]]>
              </value>
            </param>
          </params>
          <exception class="java.lang.NullPointerException">
            <full-stacktrace>
              <![CDATA[java.lang.NullPointerException
at com.epam.cdp.cal.tests.CosineCalculatorTest.cosTest(CosineCalculatorTest.java:11)
at sun.reflect.NativeMethodAccessorImpl.invoke0(Native Method)
at sun.reflect.NativeMethodAccessorImpl.invoke(NativeMethodAccessorImpl.java:62)
at sun.reflect.DelegatingMethodAccessorImpl.invoke(DelegatingMethodAccessorImpl.java:43)
at java.lang.reflect.Method.invoke(Method.java:498)
at org.testng.internal.MethodInvocationHelper.invokeMethod(MethodInvocationHelper.java:124)
at org.testng.internal.Invoker.invokeMethod(Invoker.java:583)
at org.testng.internal.Invoker.invokeTestMethod(Invoker.java:719)
at org.testng.internal.Invoker.invokeTestMethods(Invoker.java:989)
at org.testng.internal.TestMethodWorker.invokeTestMethods(TestMethodWorker.java:125)
at org.testng.internal.TestMethodWorker.run(TestMethodWorker.java:109)
at java.util.concurrent.ThreadPoolExecutor.runWorker(ThreadPoolExecutor.java:1149)
at java.util.concurrent.ThreadPoolExecutor$Worker.run(ThreadPoolExecutor.java:624)
at java.lang.Thread.run(Thread.java:748)
]]>
            </full-stacktrace>
          </exception> <!-- java.lang.NullPointerException -->
          <reporter-output>
          </reporter-output>
        </test-method> <!-- cosTest -->
        <test-method status="FAIL" signature="cosTest(double, double)[pri:0, instance:com.epam.cdp.cal.tests.CosineCalculatorTest@180d80f]" name="cosTest" duration-ms="0" started-at="2019-05-28T12:49:24Z" data-provider="dataForCosTest" finished-at="2019-05-28T12:49:24Z">
          <params>
            <param index="0">
              <value>
                <![CDATA[3]]>
              </value>
            </param>
            <param index="1">
              <value>
                <![CDATA[-0.98]]>
              </value>
            </param>
          </params>
          <exception class="java.lang.NullPointerException">
            <full-stacktrace>
              <![CDATA[java.lang.NullPointerException
at com.epam.cdp.cal.tests.CosineCalculatorTest.cosTest(CosineCalculatorTest.java:11)
at sun.reflect.NativeMethodAccessorImpl.invoke0(Native Method)
at sun.reflect.NativeMethodAccessorImpl.invoke(NativeMethodAccessorImpl.java:62)
at sun.reflect.DelegatingMethodAccessorImpl.invoke(DelegatingMethodAccessorImpl.java:43)
at java.lang.reflect.Method.invoke(Method.java:498)
at org.testng.internal.MethodInvocationHelper.invokeMethod(MethodInvocationHelper.java:124)
at org.testng.internal.Invoker.invokeMethod(Invoker.java:583)
at org.testng.internal.Invoker.invokeTestMethod(Invoker.java:719)
at org.testng.internal.Invoker.invokeTestMethods(Invoker.java:989)
at org.testng.internal.TestMethodWorker.invokeTestMethods(TestMethodWorker.java:125)
at org.testng.internal.TestMethodWorker.run(TestMethodWorker.java:109)
at java.util.concurrent.ThreadPoolExecutor.runWorker(ThreadPoolExecutor.java:1149)
at java.util.concurrent.ThreadPoolExecutor$Worker.run(ThreadPoolExecutor.java:624)
at java.lang.Thread.run(Thread.java:748)
]]>
            </full-stacktrace>
          </exception> <!-- java.lang.NullPointerException -->
          <reporter-output>
          </reporter-output>
        </test-method> <!-- cosTest -->
        <test-method status="FAIL" signature="cosTest(double, double)[pri:0, instance:com.epam.cdp.cal.tests.CosineCalculatorTest@180d80f]" name="cosTest" duration-ms="0" started-at="2019-05-28T12:49:24Z" data-provider="dataForCosTest" finished-at="2019-05-28T12:49:24Z">
          <params>
            <param index="0">
              <value>
                <![CDATA[1]]>
              </value>
            </param>
            <param index="1">
              <value>
                <![CDATA[0.54]]>
              </value>
            </param>
          </params>
          <exception class="java.lang.NullPointerException">
            <full-stacktrace>
              <![CDATA[java.lang.NullPointerException
at com.epam.cdp.cal.tests.CosineCalculatorTest.cosTest(CosineCalculatorTest.java:11)
at sun.reflect.NativeMethodAccessorImpl.invoke0(Native Method)
at sun.reflect.NativeMethodAccessorImpl.invoke(NativeMethodAccessorImpl.java:62)
at sun.reflect.DelegatingMethodAccessorImpl.invoke(DelegatingMethodAccessorImpl.java:43)
at java.lang.reflect.Method.invoke(Method.java:498)
at org.testng.internal.MethodInvocationHelper.invokeMethod(MethodInvocationHelper.java:124)
at org.testng.internal.Invoker.invokeMethod(Invoker.java:583)
at org.testng.internal.Invoker.invokeTestMethod(Invoker.java:719)
at org.testng.internal.Invoker.invokeTestMethods(Invoker.java:989)
at org.testng.internal.TestMethodWorker.invokeTestMethods(TestMethodWorker.java:125)
at org.testng.internal.TestMethodWorker.run(TestMethodWorker.java:109)
at java.util.concurrent.ThreadPoolExecutor.runWorker(ThreadPoolExecutor.java:1149)
at java.util.concurrent.ThreadPoolExecutor$Worker.run(ThreadPoolExecutor.java:624)
at java.lang.Thread.run(Thread.java:748)
]]>
            </full-stacktrace>
          </exception> <!-- java.lang.NullPointerException -->
          <reporter-output>
          </reporter-output>
        </test-method> <!-- cosTest -->
        <test-method status="PASS" signature="tearDownGroup()[pri:0, instance:com.epam.cdp.cal.tests.CosineCalculatorTest@180d80f]" name="tearDownGroup" is-config="true" duration-ms="0" started-at="2019-05-28T12:49:28Z" finished-at="2019-05-28T12:49:28Z">
          <reporter-output>
          </reporter-output>
        </test-method> <!-- tearDownGroup -->
      </class> <!-- com.epam.cdp.cal.tests.CosineCalculatorTest -->
      <class name="com.epam.cdp.cal.tests.TangentCalculatorTest">
        <test-method status="FAIL" signature="tangentTest(double, double)[pri:0, instance:com.epam.cdp.cal.tests.TangentCalculatorTest@b39c39]" name="tangentTest" duration-ms="0" started-at="2019-05-28T12:49:24Z" data-provider="dataForTangentTest" finished-at="2019-05-28T12:49:24Z">
          <params>
            <param index="0">
              <value>
                <![CDATA[0]]>
              </value>
            </param>
            <param index="1">
              <value>
                <![CDATA[0.0]]>
              </value>
            </param>
          </params>
          <exception class="java.lang.NullPointerException">
            <full-stacktrace>
              <![CDATA[java.lang.NullPointerException
at com.epam.cdp.cal.tests.TangentCalculatorTest.tangentTest(TangentCalculatorTest.java:12)
at sun.reflect.NativeMethodAccessorImpl.invoke0(Native Method)
at sun.reflect.NativeMethodAccessorImpl.invoke(NativeMethodAccessorImpl.java:62)
at sun.reflect.DelegatingMethodAccessorImpl.invoke(DelegatingMethodAccessorImpl.java:43)
at java.lang.reflect.Method.invoke(Method.java:498)
at org.testng.internal.MethodInvocationHelper.invokeMethod(MethodInvocationHelper.java:124)
at org.testng.internal.Invoker.invokeMethod(Invoker.java:583)
at org.testng.internal.Invoker.invokeTestMethod(Invoker.java:719)
at org.testng.internal.Invoker.invokeTestMethods(Invoker.java:989)
at org.testng.internal.TestMethodWorker.invokeTestMethods(TestMethodWorker.java:125)
at org.testng.internal.TestMethodWorker.run(TestMethodWorker.java:109)
at java.util.concurrent.ThreadPoolExecutor.runWorker(ThreadPoolExecutor.java:1149)
at java.util.concurrent.ThreadPoolExecutor$Worker.run(ThreadPoolExecutor.java:624)
at java.lang.Thread.run(Thread.java:748)
]]>
            </full-stacktrace>
          </exception> <!-- java.lang.NullPointerException -->
          <reporter-output>
          </reporter-output>
        </test-method> <!-- tangentTest -->
        <test-method status="FAIL" signature="tangentTest(double, double)[pri:0, instance:com.epam.cdp.cal.tests.TangentCalculatorTest@b39c39]" name="tangentTest" duration-ms="0" started-at="2019-05-28T12:49:25Z" data-provider="dataForTangentTest" finished-at="2019-05-28T12:49:25Z">
          <params>
            <param index="0">
              <value>
                <![CDATA[7]]>
              </value>
            </param>
            <param index="1">
              <value>
                <![CDATA[0.87]]>
              </value>
            </param>
          </params>
          <exception class="java.lang.NullPointerException">
            <full-stacktrace>
              <![CDATA[java.lang.NullPointerException
at com.epam.cdp.cal.tests.TangentCalculatorTest.tangentTest(TangentCalculatorTest.java:12)
at sun.reflect.NativeMethodAccessorImpl.invoke0(Native Method)
at sun.reflect.NativeMethodAccessorImpl.invoke(NativeMethodAccessorImpl.java:62)
at sun.reflect.DelegatingMethodAccessorImpl.invoke(DelegatingMethodAccessorImpl.java:43)
at java.lang.reflect.Method.invoke(Method.java:498)
at org.testng.internal.MethodInvocationHelper.invokeMethod(MethodInvocationHelper.java:124)
at org.testng.internal.Invoker.invokeMethod(Invoker.java:583)
at org.testng.internal.Invoker.invokeTestMethod(Invoker.java:719)
at org.testng.internal.Invoker.invokeTestMethods(Invoker.java:989)
at org.testng.internal.TestMethodWorker.invokeTestMethods(TestMethodWorker.java:125)
at org.testng.internal.TestMethodWorker.run(TestMethodWorker.java:109)
at java.util.concurrent.ThreadPoolExecutor.runWorker(ThreadPoolExecutor.java:1149)
at java.util.concurrent.ThreadPoolExecutor$Worker.run(ThreadPoolExecutor.java:624)
at java.lang.Thread.run(Thread.java:748)
]]>
            </full-stacktrace>
          </exception> <!-- java.lang.NullPointerException -->
          <reporter-output>
          </reporter-output>
        </test-method> <!-- tangentTest -->
        <test-method status="FAIL" signature="tangentTest(double, double)[pri:0, instance:com.epam.cdp.cal.tests.TangentCalculatorTest@b39c39]" name="tangentTest" duration-ms="0" started-at="2019-05-28T12:49:25Z" data-provider="dataForTangentTest" finished-at="2019-05-28T12:49:25Z">
          <params>
            <param index="0">
              <value>
                <![CDATA[1]]>
              </value>
            </param>
            <param index="1">
              <value>
                <![CDATA[1.55]]>
              </value>
            </param>
          </params>
          <exception class="java.lang.NullPointerException">
            <full-stacktrace>
              <![CDATA[java.lang.NullPointerException
at com.epam.cdp.cal.tests.TangentCalculatorTest.tangentTest(TangentCalculatorTest.java:12)
at sun.reflect.NativeMethodAccessorImpl.invoke0(Native Method)
at sun.reflect.NativeMethodAccessorImpl.invoke(NativeMethodAccessorImpl.java:62)
at sun.reflect.DelegatingMethodAccessorImpl.invoke(DelegatingMethodAccessorImpl.java:43)
at java.lang.reflect.Method.invoke(Method.java:498)
at org.testng.internal.MethodInvocationHelper.invokeMethod(MethodInvocationHelper.java:124)
at org.testng.internal.Invoker.invokeMethod(Invoker.java:583)
at org.testng.internal.Invoker.invokeTestMethod(Invoker.java:719)
at org.testng.internal.Invoker.invokeTestMethods(Invoker.java:989)
at org.testng.internal.TestMethodWorker.invokeTestMethods(TestMethodWorker.java:125)
at org.testng.internal.TestMethodWorker.run(TestMethodWorker.java:109)
at java.util.concurrent.ThreadPoolExecutor.runWorker(ThreadPoolExecutor.java:1149)
at java.util.concurrent.ThreadPoolExecutor$Worker.run(ThreadPoolExecutor.java:624)
at java.lang.Thread.run(Thread.java:748)
]]>
            </full-stacktrace>
          </exception> <!-- java.lang.NullPointerException -->
          <reporter-output>
          </reporter-output>
        </test-method> <!-- tangentTest -->
        <test-method status="FAIL" signature="tangentTest(double, double)[pri:0, instance:com.epam.cdp.cal.tests.TangentCalculatorTest@b39c39]" name="tangentTest" duration-ms="0" started-at="2019-05-28T12:49:25Z" data-provider="dataForTangentTest" finished-at="2019-05-28T12:49:25Z">
          <params>
            <param index="0">
              <value>
                <![CDATA[-1]]>
              </value>
            </param>
            <param index="1">
              <value>
                <![CDATA[-1.55]]>
              </value>
            </param>
          </params>
          <exception class="java.lang.NullPointerException">
            <full-stacktrace>
              <![CDATA[java.lang.NullPointerException
at com.epam.cdp.cal.tests.TangentCalculatorTest.tangentTest(TangentCalculatorTest.java:12)
at sun.reflect.NativeMethodAccessorImpl.invoke0(Native Method)
at sun.reflect.NativeMethodAccessorImpl.invoke(NativeMethodAccessorImpl.java:62)
at sun.reflect.DelegatingMethodAccessorImpl.invoke(DelegatingMethodAccessorImpl.java:43)
at java.lang.reflect.Method.invoke(Method.java:498)
at org.testng.internal.MethodInvocationHelper.invokeMethod(MethodInvocationHelper.java:124)
at org.testng.internal.Invoker.invokeMethod(Invoker.java:583)
at org.testng.internal.Invoker.invokeTestMethod(Invoker.java:719)
at org.testng.internal.Invoker.invokeTestMethods(Invoker.java:989)
at org.testng.internal.TestMethodWorker.invokeTestMethods(TestMethodWorker.java:125)
at org.testng.internal.TestMethodWorker.run(TestMethodWorker.java:109)
at java.util.concurrent.ThreadPoolExecutor.runWorker(ThreadPoolExecutor.java:1149)
at java.util.concurrent.ThreadPoolExecutor$Worker.run(ThreadPoolExecutor.java:624)
at java.lang.Thread.run(Thread.java:748)
]]>
            </full-stacktrace>
          </exception> <!-- java.lang.NullPointerException -->
          <reporter-output>
          </reporter-output>
        </test-method> <!-- tangentTest -->
      </class> <!-- com.epam.cdp.cal.tests.TangentCalculatorTest -->
    </test> <!-- calculator -->
  </suite> <!-- Demo Suite -->
  <suite name="Default Suite" duration-ms="0" started-at="2019-05-28T12:49:28Z" finished-at="2019-05-28T12:49:28Z">
    <groups>
    </groups>
  </suite> <!-- Default Suite -->
</testng-results>
