<?xml version="1.0" encoding="UTF-8"?>
<!-- Generated by org.testng.reporters.JUnitXMLReporter -->
<testsuite hostname="EPBYMINW2706" ignored="0" name="Command line test" tests="68" failures="0" timestamp="28 May 2019 08:51:06 GMT" time="0.053" errors="0">
  <testcase name="@BeforeClass setUp" time="0.0" classname="com.epam.cdp.cal.tests.BaseTest">
    <failure type="java.lang.NoClassDefFoundError" message="com/epam/tat/module4/Calculator">
      <![CDATA[java.lang.NoClassDefFoundError: com/epam/tat/module4/Calculator
at com.epam.cdp.cal.tests.BaseTest.setUp(BaseTest.java:16)
Caused by: java.lang.ClassNotFoundException: com.epam.tat.module4.Calculator
at java.net.URLClassLoader.findClass(URLClassLoader.java:382)
at java.lang.ClassLoader.loadClass(ClassLoader.java:424)
at sun.misc.Launcher$AppClassLoader.loadClass(Launcher.java:349)
at java.lang.ClassLoader.loadClass(ClassLoader.java:357)
... 37 more
... Removed 36 stack frames]]>
    </failure>
  </testcase> <!-- @BeforeClass setUp -->
  <testcase name="@BeforeGroups setUpGroups" time="0.0" classname="com.epam.cdp.cal.tests.BaseTest">
    <skipped/>
  </testcase> <!-- @BeforeGroups setUpGroups -->
  <testcase name="@AfterClass tearDown" time="0.0" classname="com.epam.cdp.cal.tests.BaseTest">
    <skipped/>
  </testcase> <!-- @AfterClass tearDown -->
  <testcase name="@BeforeClass setUp" time="0.0" classname="com.epam.cdp.cal.tests.BaseTest">
    <failure type="java.lang.NoClassDefFoundError" message="com/epam/tat/module4/Calculator">
      <![CDATA[java.lang.NoClassDefFoundError: com/epam/tat/module4/Calculator
at com.epam.cdp.cal.tests.BaseTest.setUp(BaseTest.java:16)
... Removed 36 stack frames]]>
    </failure>
  </testcase> <!-- @BeforeClass setUp -->
  <testcase name="@AfterClass tearDown" time="0.0" classname="com.epam.cdp.cal.tests.BaseTest">
    <skipped/>
  </testcase> <!-- @AfterClass tearDown -->
  <testcase name="@BeforeClass setUp" time="0.0" classname="com.epam.cdp.cal.tests.BaseTest">
    <failure type="java.lang.NoClassDefFoundError" message="com/epam/tat/module4/Calculator">
      <![CDATA[java.lang.NoClassDefFoundError: com/epam/tat/module4/Calculator
at com.epam.cdp.cal.tests.BaseTest.setUp(BaseTest.java:16)
... Removed 36 stack frames]]>
    </failure>
  </testcase> <!-- @BeforeClass setUp -->
  <testcase name="@AfterClass tearDown" time="0.0" classname="com.epam.cdp.cal.tests.BaseTest">
    <skipped/>
  </testcase> <!-- @AfterClass tearDown -->
  <testcase name="@BeforeClass setUp" time="0.0" classname="com.epam.cdp.cal.tests.BaseTest">
    <failure type="java.lang.NoClassDefFoundError" message="com/epam/tat/module4/Calculator">
      <![CDATA[java.lang.NoClassDefFoundError: com/epam/tat/module4/Calculator
at com.epam.cdp.cal.tests.BaseTest.setUp(BaseTest.java:16)
... Removed 36 stack frames]]>
    </failure>
  </testcase> <!-- @BeforeClass setUp -->
  <testcase name="@AfterClass tearDown" time="0.0" classname="com.epam.cdp.cal.tests.BaseTest">
    <skipped/>
  </testcase> <!-- @AfterClass tearDown -->
  <testcase name="@BeforeClass setUp" time="0.0" classname="com.epam.cdp.cal.tests.BaseTest">
    <failure type="java.lang.NoClassDefFoundError" message="com/epam/tat/module4/Calculator">
      <![CDATA[java.lang.NoClassDefFoundError: com/epam/tat/module4/Calculator
at com.epam.cdp.cal.tests.BaseTest.setUp(BaseTest.java:16)
... Removed 36 stack frames]]>
    </failure>
  </testcase> <!-- @BeforeClass setUp -->
  <testcase name="@AfterClass tearDown" time="0.0" classname="com.epam.cdp.cal.tests.BaseTest">
    <skipped/>
  </testcase> <!-- @AfterClass tearDown -->
  <testcase name="@BeforeClass setUp" time="0.0" classname="com.epam.cdp.cal.tests.BaseTest">
    <failure type="java.lang.NoClassDefFoundError" message="com/epam/tat/module4/Calculator">
      <![CDATA[java.lang.NoClassDefFoundError: com/epam/tat/module4/Calculator
at com.epam.cdp.cal.tests.BaseTest.setUp(BaseTest.java:16)
... Removed 36 stack frames]]>
    </failure>
  </testcase> <!-- @BeforeClass setUp -->
  <testcase name="@AfterClass tearDown" time="0.0" classname="com.epam.cdp.cal.tests.BaseTest">
    <skipped/>
  </testcase> <!-- @AfterClass tearDown -->
  <testcase name="@BeforeClass setUp" time="0.0" classname="com.epam.cdp.cal.tests.BaseTest">
    <failure type="java.lang.NoClassDefFoundError" message="com/epam/tat/module4/Calculator">
      <![CDATA[java.lang.NoClassDefFoundError: com/epam/tat/module4/Calculator
at com.epam.cdp.cal.tests.BaseTest.setUp(BaseTest.java:16)
... Removed 36 stack frames]]>
    </failure>
  </testcase> <!-- @BeforeClass setUp -->
  <testcase name="@AfterClass tearDown" time="0.0" classname="com.epam.cdp.cal.tests.BaseTest">
    <skipped/>
  </testcase> <!-- @AfterClass tearDown -->
  <testcase name="@BeforeClass setUp" time="0.0" classname="com.epam.cdp.cal.tests.BaseTest">
    <failure type="java.lang.NoClassDefFoundError" message="com/epam/tat/module4/Calculator">
      <![CDATA[java.lang.NoClassDefFoundError: com/epam/tat/module4/Calculator
at com.epam.cdp.cal.tests.BaseTest.setUp(BaseTest.java:16)
... Removed 36 stack frames]]>
    </failure>
  </testcase> <!-- @BeforeClass setUp -->
  <testcase name="@AfterClass tearDown" time="0.0" classname="com.epam.cdp.cal.tests.BaseTest">
    <skipped/>
  </testcase> <!-- @AfterClass tearDown -->
  <testcase name="@BeforeClass setUp" time="0.0" classname="com.epam.cdp.cal.tests.BaseTest">
    <failure type="java.lang.NoClassDefFoundError" message="com/epam/tat/module4/Calculator">
      <![CDATA[java.lang.NoClassDefFoundError: com/epam/tat/module4/Calculator
at com.epam.cdp.cal.tests.BaseTest.setUp(BaseTest.java:16)
... Removed 36 stack frames]]>
    </failure>
  </testcase> <!-- @BeforeClass setUp -->
  <testcase name="@AfterClass tearDown" time="0.0" classname="com.epam.cdp.cal.tests.BaseTest">
    <skipped/>
  </testcase> <!-- @AfterClass tearDown -->
  <testcase name="@BeforeClass setUp" time="0.0" classname="com.epam.cdp.cal.tests.BaseTest">
    <failure type="java.lang.NoClassDefFoundError" message="com/epam/tat/module4/Calculator">
      <![CDATA[java.lang.NoClassDefFoundError: com/epam/tat/module4/Calculator
at com.epam.cdp.cal.tests.BaseTest.setUp(BaseTest.java:16)
... Removed 36 stack frames]]>
    </failure>
  </testcase> <!-- @BeforeClass setUp -->
  <testcase name="@AfterClass tearDown" time="0.0" classname="com.epam.cdp.cal.tests.BaseTest">
    <skipped/>
  </testcase> <!-- @AfterClass tearDown -->
  <testcase name="@BeforeClass setUp" time="0.0" classname="com.epam.cdp.cal.tests.BaseTest">
    <failure type="java.lang.NoClassDefFoundError" message="com/epam/tat/module4/Calculator">
      <![CDATA[java.lang.NoClassDefFoundError: com/epam/tat/module4/Calculator
at com.epam.cdp.cal.tests.BaseTest.setUp(BaseTest.java:16)
... Removed 36 stack frames]]>
    </failure>
  </testcase> <!-- @BeforeClass setUp -->
  <testcase name="@AfterClass tearDown" time="0.0" classname="com.epam.cdp.cal.tests.BaseTest">
    <skipped/>
  </testcase> <!-- @AfterClass tearDown -->
  <testcase name="@BeforeClass setUp" time="0.0" classname="com.epam.cdp.cal.tests.BaseTest">
    <failure type="java.lang.NoClassDefFoundError" message="com/epam/tat/module4/Calculator">
      <![CDATA[java.lang.NoClassDefFoundError: com/epam/tat/module4/Calculator
at com.epam.cdp.cal.tests.BaseTest.setUp(BaseTest.java:16)
... Removed 36 stack frames]]>
    </failure>
  </testcase> <!-- @BeforeClass setUp -->
  <testcase name="@AfterGroups tearDownGroup" time="0.0" classname="com.epam.cdp.cal.tests.BaseTest">
    <skipped/>
  </testcase> <!-- @AfterGroups tearDownGroup -->
  <testcase name="@AfterClass tearDown" time="0.0" classname="com.epam.cdp.cal.tests.BaseTest">
    <skipped/>
  </testcase> <!-- @AfterClass tearDown -->
  <testcase name="cosTest" time="0.0" classname="com.epam.cdp.cal.tests.CosineCalculatorTest">
    <skipped/>
  </testcase> <!-- cosTest -->
  <testcase name="cosTest" time="0.0" classname="com.epam.cdp.cal.tests.CosineCalculatorTest">
    <skipped/>
  </testcase> <!-- cosTest -->
  <testcase name="cosTest" time="0.0" classname="com.epam.cdp.cal.tests.CosineCalculatorTest">
    <skipped/>
  </testcase> <!-- cosTest -->
  <testcase name="cosTest" time="0.0" classname="com.epam.cdp.cal.tests.CosineCalculatorTest">
    <skipped/>
  </testcase> <!-- cosTest -->
  <testcase name="cotangentTest" time="0.0" classname="com.epam.cdp.cal.tests.CotangentCalculatorTest">
    <skipped/>
  </testcase> <!-- cotangentTest -->
  <testcase name="cotangentTest" time="0.0" classname="com.epam.cdp.cal.tests.CotangentCalculatorTest">
    <skipped/>
  </testcase> <!-- cotangentTest -->
  <testcase name="cotangentTest" time="0.0" classname="com.epam.cdp.cal.tests.CotangentCalculatorTest">
    <skipped/>
  </testcase> <!-- cotangentTest -->
  <testcase name="cotangentTest" time="0.0" classname="com.epam.cdp.cal.tests.CotangentCalculatorTest">
    <skipped/>
  </testcase> <!-- cotangentTest -->
  <testcase name="divExceptionTest" time="0.0" classname="com.epam.cdp.cal.tests.DivisionCalculatorTest">
    <skipped/>
  </testcase> <!-- divExceptionTest -->
  <testcase name="divTest" time="0.0" classname="com.epam.cdp.cal.tests.DivisionCalculatorTest">
    <skipped/>
  </testcase> <!-- divTest -->
  <testcase name="divTest" time="0.0" classname="com.epam.cdp.cal.tests.DivisionCalculatorTest">
    <skipped/>
  </testcase> <!-- divTest -->
  <testcase name="divTest" time="0.0" classname="com.epam.cdp.cal.tests.DivisionCalculatorTest">
    <skipped/>
  </testcase> <!-- divTest -->
  <testcase name="divTest" time="0.0" classname="com.epam.cdp.cal.tests.DivisionCalculatorTest">
    <skipped/>
  </testcase> <!-- divTest -->
  <testcase name="divTest" time="0.0" classname="com.epam.cdp.cal.tests.DivisionCalculatorTest">
    <skipped/>
  </testcase> <!-- divTest -->
  <testcase name="divTest" time="0.0" classname="com.epam.cdp.cal.tests.DivisionCalculatorTest">
    <skipped/>
  </testcase> <!-- divTest -->
  <testcase name="divTest" time="0.0" classname="com.epam.cdp.cal.tests.DivisionCalculatorTest">
    <skipped/>
  </testcase> <!-- divTest -->
  <testcase name="divTest" time="0.0" classname="com.epam.cdp.cal.tests.DivisionCalculatorTest">
    <skipped/>
  </testcase> <!-- divTest -->
  <testcase name="divTest" time="0.0" classname="com.epam.cdp.cal.tests.DivisionCalculatorTest">
    <skipped/>
  </testcase> <!-- divTest -->
  <testcase name="multiplicationTest" time="0.0" classname="com.epam.cdp.cal.tests.MultiplicationCalculatorTest">
    <skipped/>
  </testcase> <!-- multiplicationTest -->
  <testcase name="multiplicationTest" time="0.0" classname="com.epam.cdp.cal.tests.MultiplicationCalculatorTest">
    <skipped/>
  </testcase> <!-- multiplicationTest -->
  <testcase name="multiplicationTest" time="0.0" classname="com.epam.cdp.cal.tests.MultiplicationCalculatorTest">
    <skipped/>
  </testcase> <!-- multiplicationTest -->
  <testcase name="multiplicationTest" time="0.0" classname="com.epam.cdp.cal.tests.MultiplicationCalculatorTest">
    <skipped/>
  </testcase> <!-- multiplicationTest -->
  <testcase name="multiplicationTest" time="0.0" classname="com.epam.cdp.cal.tests.MultiplicationCalculatorTest">
    <skipped/>
  </testcase> <!-- multiplicationTest -->
  <testcase name="multiplicationTest" time="0.0" classname="com.epam.cdp.cal.tests.MultiplicationCalculatorTest">
    <skipped/>
  </testcase> <!-- multiplicationTest -->
  <testcase name="multiplicationTest" time="0.0" classname="com.epam.cdp.cal.tests.MultiplicationCalculatorTest">
    <skipped/>
  </testcase> <!-- multiplicationTest -->
  <testcase name="multiplicationTest" time="0.0" classname="com.epam.cdp.cal.tests.MultiplicationCalculatorTest">
    <skipped/>
  </testcase> <!-- multiplicationTest -->
  <testcase name="numberIsNegativeTest" time="0.0" classname="com.epam.cdp.cal.tests.NegativeNumberTest">
    <skipped/>
  </testcase> <!-- numberIsNegativeTest -->
  <testcase name="numberIsNegativeTest" time="0.0" classname="com.epam.cdp.cal.tests.NegativeNumberTest">
    <skipped/>
  </testcase> <!-- numberIsNegativeTest -->
  <testcase name="numberIsNegativeTest" time="0.0" classname="com.epam.cdp.cal.tests.NegativeNumberTest">
    <skipped/>
  </testcase> <!-- numberIsNegativeTest -->
  <testcase name="numberIsNegativeTest" time="0.0" classname="com.epam.cdp.cal.tests.NegativeNumberTest">
    <skipped/>
  </testcase> <!-- numberIsNegativeTest -->
  <testcase name="numberIsPositiveTest" time="0.0" classname="com.epam.cdp.cal.tests.PositiveNumberTest">
    <skipped/>
  </testcase> <!-- numberIsPositiveTest -->
  <testcase name="numberIsPositiveTest" time="0.0" classname="com.epam.cdp.cal.tests.PositiveNumberTest">
    <skipped/>
  </testcase> <!-- numberIsPositiveTest -->
  <testcase name="numberIsPositiveTest" time="0.0" classname="com.epam.cdp.cal.tests.PositiveNumberTest">
    <skipped/>
  </testcase> <!-- numberIsPositiveTest -->
  <testcase name="numberIsPositiveTest" time="0.0" classname="com.epam.cdp.cal.tests.PositiveNumberTest">
    <skipped/>
  </testcase> <!-- numberIsPositiveTest -->
  <testcase name="powTest" time="0.0" classname="com.epam.cdp.cal.tests.PowerCalculatorTest">
    <skipped/>
  </testcase> <!-- powTest -->
  <testcase name="powTest" time="0.0" classname="com.epam.cdp.cal.tests.PowerCalculatorTest">
    <skipped/>
  </testcase> <!-- powTest -->
  <testcase name="powTest" time="0.0" classname="com.epam.cdp.cal.tests.PowerCalculatorTest">
    <skipped/>
  </testcase> <!-- powTest -->
  <testcase name="powTest" time="0.0" classname="com.epam.cdp.cal.tests.PowerCalculatorTest">
    <skipped/>
  </testcase> <!-- powTest -->
  <testcase name="sinusTest" time="0.0" classname="com.epam.cdp.cal.tests.SinusCalculatorTest">
    <skipped/>
  </testcase> <!-- sinusTest -->
  <testcase name="sinusTest" time="0.0" classname="com.epam.cdp.cal.tests.SinusCalculatorTest">
    <skipped/>
  </testcase> <!-- sinusTest -->
  <testcase name="sinusTest" time="0.0" classname="com.epam.cdp.cal.tests.SinusCalculatorTest">
    <skipped/>
  </testcase> <!-- sinusTest -->
  <testcase name="sinusTest" time="0.0" classname="com.epam.cdp.cal.tests.SinusCalculatorTest">
    <skipped/>
  </testcase> <!-- sinusTest -->
  <testcase name="sinTest" time="0.0" classname="com.epam.cdp.cal.tests.SquareRootCalculatorTest">
    <skipped/>
  </testcase> <!-- sinTest -->
  <testcase name="sinTest" time="0.0" classname="com.epam.cdp.cal.tests.SquareRootCalculatorTest">
    <skipped/>
  </testcase> <!-- sinTest -->
  <testcase name="sinTest" time="0.0" classname="com.epam.cdp.cal.tests.SquareRootCalculatorTest">
    <skipped/>
  </testcase> <!-- sinTest -->
  <testcase name="sinTest" time="0.0" classname="com.epam.cdp.cal.tests.SquareRootCalculatorTest">
    <skipped/>
  </testcase> <!-- sinTest -->
  <testcase name="minusTest" time="0.0" classname="com.epam.cdp.cal.tests.SubtractionCalculatorTest">
    <skipped/>
  </testcase> <!-- minusTest -->
  <testcase name="minusTest" time="0.0" classname="com.epam.cdp.cal.tests.SubtractionCalculatorTest">
    <skipped/>
  </testcase> <!-- minusTest -->
  <testcase name="minusTest" time="0.0" classname="com.epam.cdp.cal.tests.SubtractionCalculatorTest">
    <skipped/>
  </testcase> <!-- minusTest -->
  <testcase name="minusTest" time="0.0" classname="com.epam.cdp.cal.tests.SubtractionCalculatorTest">
    <skipped/>
  </testcase> <!-- minusTest -->
  <testcase name="minusTest" time="0.0" classname="com.epam.cdp.cal.tests.SubtractionCalculatorTest">
    <skipped/>
  </testcase> <!-- minusTest -->
  <testcase name="minusTest" time="0.0" classname="com.epam.cdp.cal.tests.SubtractionCalculatorTest">
    <skipped/>
  </testcase> <!-- minusTest -->
  <testcase name="minusTest" time="0.0" classname="com.epam.cdp.cal.tests.SubtractionCalculatorTest">
    <skipped/>
  </testcase> <!-- minusTest -->
  <testcase name="minusTest" time="0.0" classname="com.epam.cdp.cal.tests.SubtractionCalculatorTest">
    <skipped/>
  </testcase> <!-- minusTest -->
  <testcase name="minusTest" time="0.0" classname="com.epam.cdp.cal.tests.SubtractionCalculatorTest">
    <skipped/>
  </testcase> <!-- minusTest -->
  <testcase name="twoMinusOne" time="0.0" classname="com.epam.cdp.cal.tests.SubtractionCalculatorTest">
    <skipped/>
  </testcase> <!-- twoMinusOne -->
  <testcase name="onePlusTwoTest" time="0.0" classname="com.epam.cdp.cal.tests.SumCalculatorTest">
    <skipped/>
  </testcase> <!-- onePlusTwoTest -->
  <testcase name="onePlusTwoTest" time="0.0" classname="com.epam.cdp.cal.tests.SumCalculatorTest">
    <skipped/>
  </testcase> <!-- onePlusTwoTest -->
  <testcase name="onePlusTwoTest" time="0.0" classname="com.epam.cdp.cal.tests.SumCalculatorTest">
    <skipped/>
  </testcase> <!-- onePlusTwoTest -->
  <testcase name="onePlusTwoTest" time="0.0" classname="com.epam.cdp.cal.tests.SumCalculatorTest">
    <skipped/>
  </testcase> <!-- onePlusTwoTest -->
  <testcase name="onePlusTwoTest" time="0.0" classname="com.epam.cdp.cal.tests.SumCalculatorTest">
    <skipped/>
  </testcase> <!-- onePlusTwoTest -->
  <testcase name="onePlusTwoTest" time="0.0" classname="com.epam.cdp.cal.tests.SumCalculatorTest">
    <skipped/>
  </testcase> <!-- onePlusTwoTest -->
  <testcase name="onePlusTwoTest" time="0.0" classname="com.epam.cdp.cal.tests.SumCalculatorTest">
    <skipped/>
  </testcase> <!-- onePlusTwoTest -->
  <testcase name="onePlusTwoTest" time="0.0" classname="com.epam.cdp.cal.tests.SumCalculatorTest">
    <skipped/>
  </testcase> <!-- onePlusTwoTest -->
  <testcase name="tangentTest" time="0.0" classname="com.epam.cdp.cal.tests.TangentCalculatorTest">
    <skipped/>
  </testcase> <!-- tangentTest -->
  <testcase name="tangentTest" time="0.0" classname="com.epam.cdp.cal.tests.TangentCalculatorTest">
    <skipped/>
  </testcase> <!-- tangentTest -->
  <testcase name="tangentTest" time="0.0" classname="com.epam.cdp.cal.tests.TangentCalculatorTest">
    <skipped/>
  </testcase> <!-- tangentTest -->
  <testcase name="tangentTest" time="0.0" classname="com.epam.cdp.cal.tests.TangentCalculatorTest">
    <skipped/>
  </testcase> <!-- tangentTest -->
</testsuite> <!-- Command line test -->
