<?xml version="1.0" encoding="UTF-8"?>
<!-- Generated by org.testng.reporters.JUnitXMLReporter -->
<testsuite hostname="EPBYMINW2706" ignored="0" name="Cotangent Cal Test" tests="4" failures="4" timestamp="27 May 2019 12:38:58 GMT" time="0.0" errors="0">
  <testcase name="ctgTest" time="0.0" classname="com.epam.cdp.cal.tests.CotangentCalculatorTest">
    <failure type="java.lang.AssertionError" message="Invalid result of cotangent expected [0.0] but found [Infinity]">
      <![CDATA[java.lang.AssertionError: Invalid result of cotangent expected [0.0] but found [Infinity]
at com.epam.cdp.cal.tests.CotangentCalculatorTest.ctgTest(CotangentCalculatorTest.java:14)
at com.epam.cdp.cal.Runner.main(Runner.java:26)
... Removed 26 stack frames]]>
    </failure>
  </testcase> <!-- ctgTest -->
  <testcase name="ctgTest" time="0.0" classname="com.epam.cdp.cal.tests.CotangentCalculatorTest">
    <failure type="java.lang.AssertionError" message="Invalid result of cotangent expected [0.9999983369439447] but found [1.14]">
      <![CDATA[java.lang.AssertionError: Invalid result of cotangent expected [0.9999983369439447] but found [1.14]
at com.epam.cdp.cal.tests.CotangentCalculatorTest.ctgTest(CotangentCalculatorTest.java:14)
at com.epam.cdp.cal.Runner.main(Runner.java:26)
... Removed 26 stack frames]]>
    </failure>
  </testcase> <!-- ctgTest -->
  <testcase name="ctgTest" time="0.0" classname="com.epam.cdp.cal.tests.CotangentCalculatorTest">
    <failure type="java.lang.AssertionError" message="Invalid result of cotangent expected [0.7615941559557649] but found [0.642]">
      <![CDATA[java.lang.AssertionError: Invalid result of cotangent expected [0.7615941559557649] but found [0.642]
at com.epam.cdp.cal.tests.CotangentCalculatorTest.ctgTest(CotangentCalculatorTest.java:14)
at com.epam.cdp.cal.Runner.main(Runner.java:26)
... Removed 26 stack frames]]>
    </failure>
  </testcase> <!-- ctgTest -->
  <testcase name="ctgTest" time="0.0" classname="com.epam.cdp.cal.tests.CotangentCalculatorTest">
    <failure type="java.lang.AssertionError" message="Invalid result of cotangent expected [-0.7615941559557649] but found [-0.642]">
      <![CDATA[java.lang.AssertionError: Invalid result of cotangent expected [-0.7615941559557649] but found [-0.642]
at com.epam.cdp.cal.tests.CotangentCalculatorTest.ctgTest(CotangentCalculatorTest.java:14)
at com.epam.cdp.cal.Runner.main(Runner.java:26)
... Removed 26 stack frames]]>
    </failure>
  </testcase> <!-- ctgTest -->
</testsuite> <!-- Cotangent Cal Test -->
