<?xml version="1.0" encoding="UTF-8"?>
<!-- Generated by org.testng.reporters.JUnitXMLReporter -->
<testsuite hostname="Asus" ignored="0" name="Division Cal Test" tests="8" failures="0" timestamp="05 Jun 2019 20:02:37 GMT" time="0.03" errors="0">
  <testcase name="divExceptionTest" time="0.001" classname="com.epam.cdp.cal.tests.testng.positive.DivisionCalculatorTest"/>
  <testcase name="divTest" time="0.0" classname="com.epam.cdp.cal.tests.testng.positive.DivisionCalculatorTest"/>
  <testcase name="divTest" time="0.0" classname="com.epam.cdp.cal.tests.testng.positive.DivisionCalculatorTest"/>
  <testcase name="divTest" time="0.0" classname="com.epam.cdp.cal.tests.testng.positive.DivisionCalculatorTest"/>
  <testcase name="divTest" time="0.001" classname="com.epam.cdp.cal.tests.testng.positive.DivisionCalculatorTest"/>
  <testcase name="divTest" time="0.0" classname="com.epam.cdp.cal.tests.testng.positive.DivisionCalculatorTest"/>
  <testcase name="divTest" time="0.0" classname="com.epam.cdp.cal.tests.testng.positive.DivisionCalculatorTest"/>
  <testcase name="divTest" time="0.0" classname="com.epam.cdp.cal.tests.testng.positive.DivisionCalculatorTest"/>
</testsuite> <!-- Division Cal Test -->
