<?xml version="1.0" encoding="UTF-8"?>
<!-- Generated by org.testng.reporters.JUnitXMLReporter -->
<testsuite hostname="EPBYMINW2706" ignored="0" name="Multiplication Cal Test" tests="10" failures="0" timestamp="27 May 2019 12:38:58 GMT" time="0.0" errors="0">
  <testcase name="multTest" time="0.0" classname="com.epam.cdp.cal.tests.MultiplicationCalculatorTest"/>
  <testcase name="multTest" time="0.0" classname="com.epam.cdp.cal.tests.MultiplicationCalculatorTest"/>
  <testcase name="multTest" time="0.0" classname="com.epam.cdp.cal.tests.MultiplicationCalculatorTest"/>
  <testcase name="multTest" time="0.0" classname="com.epam.cdp.cal.tests.MultiplicationCalculatorTest"/>
  <testcase name="multTest" time="0.0" classname="com.epam.cdp.cal.tests.MultiplicationCalculatorTest"/>
  <testcase name="multTest" time="0.0" classname="com.epam.cdp.cal.tests.MultiplicationCalculatorTest"/>
  <testcase name="multTest" time="0.0" classname="com.epam.cdp.cal.tests.MultiplicationCalculatorTest"/>
  <testcase name="multTest" time="0.0" classname="com.epam.cdp.cal.tests.MultiplicationCalculatorTest"/>
  <testcase name="multTest" time="0.0" classname="com.epam.cdp.cal.tests.MultiplicationCalculatorTest"/>
  <testcase name="multTest" time="0.0" classname="com.epam.cdp.cal.tests.MultiplicationCalculatorTest"/>
</testsuite> <!-- Multiplication Cal Test -->
