<?xml version="1.0" encoding="UTF-8"?>
<!-- Generated by org.testng.reporters.JUnitXMLReporter -->
<testsuite hostname="EPBYMINW2706" ignored="0" name="negative number Test" tests="4" failures="0" timestamp="28 May 2019 12:10:45 GMT" time="0.0" errors="0">
  <testcase name="numberIsNegativeTest" time="0.0" classname="com.epam.cdp.cal.tests.testng.negative.NegativeNumberTest"/>
  <testcase name="numberIsNegativeTest" time="0.0" classname="com.epam.cdp.cal.tests.testng.negative.NegativeNumberTest"/>
  <testcase name="numberIsNegativeTest" time="0.0" classname="com.epam.cdp.cal.tests.testng.negative.NegativeNumberTest"/>
  <testcase name="numberIsNegativeTest" time="0.0" classname="com.epam.cdp.cal.tests.testng.negative.NegativeNumberTest"/>
</testsuite> <!-- negative number Test -->
