<?xml version="1.0" encoding="UTF-8"?>
<!-- Generated by org.testng.reporters.JUnitXMLReporter -->
<testsuite hostname="Asus" ignored="0" name="Positive Number Test" tests="4" failures="0" timestamp="05 Jun 2019 20:02:37 GMT" time="0.008" errors="0">
  <testcase name="numberIsPositiveTest" time="0.0" classname="com.epam.cdp.cal.tests.testng.positive.PositiveNumberTest"/>
  <testcase name="numberIsPositiveTest" time="0.0" classname="com.epam.cdp.cal.tests.testng.positive.PositiveNumberTest"/>
  <testcase name="numberIsPositiveTest" time="0.0" classname="com.epam.cdp.cal.tests.testng.positive.PositiveNumberTest"/>
  <testcase name="numberIsPositiveTest" time="0.0" classname="com.epam.cdp.cal.tests.testng.positive.PositiveNumberTest"/>
</testsuite> <!-- Positive Number Test -->
