<?xml version="1.0" encoding="UTF-8"?>
<!-- Generated by org.testng.reporters.JUnitXMLReporter -->
<testsuite hostname="EPBYMINW2706" ignored="0" name="Positive Number Test" tests="4" failures="0" timestamp="28 May 2019 13:32:23 GMT" time="0.0" errors="0">
  <testcase name="numberIsPositiveTest" time="0.0" classname="com.epam.cdp.cal.tests.PositiveNumberTest"/>
  <testcase name="numberIsPositiveTest" time="0.0" classname="com.epam.cdp.cal.tests.PositiveNumberTest"/>
  <testcase name="numberIsPositiveTest" time="0.0" classname="com.epam.cdp.cal.tests.PositiveNumberTest"/>
  <testcase name="numberIsPositiveTest" time="0.0" classname="com.epam.cdp.cal.tests.PositiveNumberTest"/>
</testsuite> <!-- Positive Number Test -->
