<?xml version="1.0" encoding="UTF-8"?>
<!-- Generated by org.testng.reporters.JUnitXMLReporter -->
<testsuite hostname="EPBYMINW2706" ignored="0" name="Sinus Cal Test" tests="4" failures="0" timestamp="28 May 2019 12:19:22 GMT" time="0.0" errors="0">
  <testcase name="sinusTest" time="0.0" classname="com.epam.cdp.cal.tests.SinusCalculatorTest"/>
  <testcase name="sinusTest" time="0.0" classname="com.epam.cdp.cal.tests.SinusCalculatorTest"/>
  <testcase name="sinusTest" time="0.0" classname="com.epam.cdp.cal.tests.SinusCalculatorTest"/>
  <testcase name="sinusTest" time="0.0" classname="com.epam.cdp.cal.tests.SinusCalculatorTest"/>
</testsuite> <!-- Sinus Cal Test -->
