<?xml version="1.0" encoding="UTF-8"?>
<!-- Generated by org.testng.reporters.JUnitXMLReporter -->
<testsuite hostname="Asus" ignored="0" name="Square root Cal Test" tests="4" failures="0" timestamp="05 Jun 2019 20:02:37 GMT" time="0.002" errors="0">
  <testcase name="sqrtTest" time="0.0" classname="com.epam.cdp.cal.tests.testng.positive.SquareRootCalculatorTest"/>
  <testcase name="sqrtTest" time="0.0" classname="com.epam.cdp.cal.tests.testng.positive.SquareRootCalculatorTest"/>
  <testcase name="sqrtTest" time="0.0" classname="com.epam.cdp.cal.tests.testng.positive.SquareRootCalculatorTest"/>
  <testcase name="sqrtTest" time="0.0" classname="com.epam.cdp.cal.tests.testng.positive.SquareRootCalculatorTest"/>
</testsuite> <!-- Square root Cal Test -->
