<?xml version="1.0" encoding="UTF-8"?>
<!-- Generated by org.testng.reporters.JUnitXMLReporter -->
<testsuite hostname="EPBYMINW2706" ignored="0" name="Square root Cal Test" tests="4" failures="1" timestamp="27 May 2019 12:38:58 GMT" time="0.0" errors="0">
  <testcase name="sinTest" time="0.0" classname="com.epam.cdp.cal.tests.SquareRootCalculatorTest"/>
  <testcase name="sinTest" time="0.0" classname="com.epam.cdp.cal.tests.SquareRootCalculatorTest"/>
  <testcase name="sinTest" time="0.0" classname="com.epam.cdp.cal.tests.SquareRootCalculatorTest">
    <failure type="java.lang.IllegalArgumentException">
      <![CDATA[java.lang.IllegalArgumentException
at com.epam.cdp.cal.tests.SquareRootCalculatorTest.sinTest(SquareRootCalculatorTest.java:13)
at com.epam.cdp.cal.Runner.main(Runner.java:26)
... Removed 23 stack frames]]>
    </failure>
  </testcase> <!-- sinTest -->
  <testcase name="sinTest" time="0.0" classname="com.epam.cdp.cal.tests.SquareRootCalculatorTest"/>
</testsuite> <!-- Square root Cal Test -->
