<?xml version="1.0" encoding="UTF-8"?>
<!-- Generated by org.testng.reporters.JUnitXMLReporter -->
<testsuite hostname="EPBYMINW2706" ignored="0" name="Sub Cal Test" tests="10" failures="0" timestamp="28 May 2019 13:32:22 GMT" time="0.022" errors="0">
  <testcase name="minusTest" time="0.0" classname="com.epam.cdp.cal.tests.SubtractionCalculatorTest"/>
  <testcase name="twoMinusOne" time="0.0" classname="com.epam.cdp.cal.tests.SubtractionCalculatorTest"/>
  <testcase name="minusTest" time="0.0" classname="com.epam.cdp.cal.tests.SubtractionCalculatorTest"/>
  <testcase name="minusTest" time="0.0" classname="com.epam.cdp.cal.tests.SubtractionCalculatorTest"/>
  <testcase name="minusTest" time="0.0" classname="com.epam.cdp.cal.tests.SubtractionCalculatorTest"/>
  <testcase name="minusTest" time="0.0" classname="com.epam.cdp.cal.tests.SubtractionCalculatorTest"/>
  <testcase name="minusTest" time="0.0" classname="com.epam.cdp.cal.tests.SubtractionCalculatorTest"/>
  <testcase name="minusTest" time="0.0" classname="com.epam.cdp.cal.tests.SubtractionCalculatorTest"/>
  <testcase name="minusTest" time="0.0" classname="com.epam.cdp.cal.tests.SubtractionCalculatorTest"/>
  <testcase name="minusTest" time="0.0" classname="com.epam.cdp.cal.tests.SubtractionCalculatorTest"/>
</testsuite> <!-- Sub Cal Test -->
