<?xml version="1.0" encoding="UTF-8"?>
<!-- Generated by org.testng.reporters.JUnitXMLReporter -->
<testsuite hostname="Asus" ignored="0" name="Sum Cal Test" tests="8" failures="0" timestamp="05 Jun 2019 20:02:37 GMT" time="0.042" errors="0">
  <testcase name="onePlusTwoTest" time="0.002" classname="com.epam.cdp.cal.tests.testng.positive.SumCalculatorTest"/>
  <testcase name="onePlusTwoTest" time="0.0" classname="com.epam.cdp.cal.tests.testng.positive.SumCalculatorTest"/>
  <testcase name="onePlusTwoTest" time="0.0" classname="com.epam.cdp.cal.tests.testng.positive.SumCalculatorTest"/>
  <testcase name="onePlusTwoTest" time="0.0" classname="com.epam.cdp.cal.tests.testng.positive.SumCalculatorTest"/>
  <testcase name="onePlusTwoTest" time="0.012" classname="com.epam.cdp.cal.tests.testng.positive.SumCalculatorTest"/>
  <testcase name="onePlusTwoTest" time="0.0" classname="com.epam.cdp.cal.tests.testng.positive.SumCalculatorTest"/>
  <testcase name="onePlusTwoTest" time="0.0" classname="com.epam.cdp.cal.tests.testng.positive.SumCalculatorTest"/>
  <testcase name="onePlusTwoTest" time="0.0" classname="com.epam.cdp.cal.tests.testng.positive.SumCalculatorTest"/>
</testsuite> <!-- Sum Cal Test -->
