<?xml version="1.0" encoding="UTF-8"?>
<!-- Generated by org.testng.reporters.JUnitXMLReporter -->
<testsuite hostname="EPBYMINW2706" ignored="0" name="Sum Cal Test" tests="8" failures="0" timestamp="28 May 2019 12:49:22 GMT" time="0.0" errors="0">
  <testcase name="onePlusTwoTest" time="0.0" classname="com.epam.cdp.cal.tests.SumCalculatorTest"/>
  <testcase name="onePlusTwoTest" time="0.0" classname="com.epam.cdp.cal.tests.SumCalculatorTest"/>
  <testcase name="onePlusTwoTest" time="0.0" classname="com.epam.cdp.cal.tests.SumCalculatorTest"/>
  <testcase name="onePlusTwoTest" time="0.0" classname="com.epam.cdp.cal.tests.SumCalculatorTest"/>
  <testcase name="onePlusTwoTest" time="0.0" classname="com.epam.cdp.cal.tests.SumCalculatorTest"/>
  <testcase name="onePlusTwoTest" time="0.0" classname="com.epam.cdp.cal.tests.SumCalculatorTest"/>
  <testcase name="onePlusTwoTest" time="0.0" classname="com.epam.cdp.cal.tests.SumCalculatorTest"/>
  <testcase name="onePlusTwoTest" time="0.0" classname="com.epam.cdp.cal.tests.SumCalculatorTest"/>
</testsuite> <!-- Sum Cal Test -->
